#
# There is insufficient memory for the Java Runtime Environment to continue.
# Native memory allocation (malloc) failed to allocate 265616 bytes for Chunk::new
# Possible reasons:
#   The system is out of physical RAM or swap space
#   The process is running with CompressedOops enabled, and the Java Heap may be blocking the growth of the native heap
# Possible solutions:
#   Reduce memory load on the system
#   Increase physical memory or swap space
#   Check if swap backing store is full
#   Decrease Java heap size (-Xmx/-Xms)
#   Decrease number of Java threads
#   Decrease Java thread stack sizes (-Xss)
#   Set larger code cache with -XX:ReservedCodeCacheSize=
#   JVM is running with Unscaled Compressed Oops mode in which the Java heap is
#     placed in the first 4GB address space. The Java Heap base address is the
#     maximum limit for the native heap growth. Please use -XX:HeapBaseMinAddress
#     to set the Java Heap base and to place the Java Heap above 4GB virtual address.
# This output file may be truncated or incomplete.
#
#  Out of Memory Error (./src/hotspot/share/memory/arena.cpp:197), pid=9332, tid=5168
#
# JRE version: OpenJDK Runtime Environment (11.0.11+9) (build 11.0.11+9-b60-7590822)
# Java VM: OpenJDK 64-Bit Server VM (11.0.11+9-b60-7590822, mixed mode, tiered, compressed oops, g1 gc, windows-amd64)
# No core dump will be written. Minidumps are not enabled by default on client versions of Windows
#

---------------  S U M M A R Y ------------

Command Line: -Dorg.gradle.appname=gradlew org.gradle.wrapper.GradleWrapperMain -q -Ptarget-platform=android-x86 -Ptarget=C:\Users\Acer\Documents\FlutterWS\mytutor\lib\main.dart -Pbase-application-name=android.app.Application -Pdart-defines=RkxVVFRFUl9XRUJfQVVUT19ERVRFQ1Q9dHJ1ZQ== -Pdart-obfuscation=false -Ptrack-widget-creation=true -Ptree-shake-icons=false -Pfilesystem-scheme=org-dartlang-root assembleDebug

Host: Intel(R) Core(TM) i5-8250U CPU @ 1.60GHz, 8 cores, 3G,  Windows 10 , 64 bit Build 19041 (10.0.19041.1706)
Time: Sat Jun 11 13:25:35 2022 Malay Peninsula Standard Time elapsed time: 2.710183 seconds (0d 0h 0m 2s)

---------------  T H R E A D  ---------------

Current thread (0x0000014eabad2800):  JavaThread "C2 CompilerThread0" daemon [_thread_in_native, id=5168, stack(0x00000006d3300000,0x00000006d3400000)]


Current CompileTask:
C2:   2710  947   !   4       java.util.concurrent.ConcurrentHashMap::putVal (432 bytes)

Stack: [0x00000006d3300000,0x00000006d3400000]
Native frames: (J=compiled Java code, j=interpreted, Vv=VM code, C=native code)
V  [jvm.dll+0x5f214a]
V  [jvm.dll+0x726fb5]
V  [jvm.dll+0x7285cd]
V  [jvm.dll+0x728c83]
V  [jvm.dll+0x243278]
V  [jvm.dll+0xbc53c]
V  [jvm.dll+0xbca3c]
V  [jvm.dll+0x353e3b]
V  [jvm.dll+0x321893]
V  [jvm.dll+0x320d8a]
V  [jvm.dll+0x1fc1e2]
V  [jvm.dll+0x1fb3d4]
V  [jvm.dll+0x183d6c]
V  [jvm.dll+0x209a57]
V  [jvm.dll+0x2082a1]
V  [jvm.dll+0x6ef58f]
V  [jvm.dll+0x6e80b5]
V  [jvm.dll+0x5f1036]
C  [ucrtbase.dll+0x21bb2]
C  [KERNEL32.DLL+0x17034]
C  [ntdll.dll+0x52651]


---------------  P R O C E S S  ---------------

Threads class SMR info:
_java_thread_list=0x0000014eace36140, length=11, elements={
0x0000014e93d5e000, 0x0000014eabaab800, 0x0000014eabab4800, 0x0000014eabaca000,
0x0000014eabacc800, 0x0000014eabacd800, 0x0000014eabad2800, 0x0000014eabb1d800,
0x0000014eabb21800, 0x0000014eac583000, 0x0000014eace8c000
}

Java Threads: ( => current thread )
  0x0000014e93d5e000 JavaThread "main" [_thread_blocked, id=14976, stack(0x00000006d2700000,0x00000006d2800000)]
  0x0000014eabaab800 JavaThread "Reference Handler" daemon [_thread_blocked, id=6924, stack(0x00000006d2e00000,0x00000006d2f00000)]
  0x0000014eabab4800 JavaThread "Finalizer" daemon [_thread_blocked, id=18332, stack(0x00000006d2f00000,0x00000006d3000000)]
  0x0000014eabaca000 JavaThread "Signal Dispatcher" daemon [_thread_blocked, id=17464, stack(0x00000006d3000000,0x00000006d3100000)]
  0x0000014eabacc800 JavaThread "Attach Listener" daemon [_thread_blocked, id=11548, stack(0x00000006d3100000,0x00000006d3200000)]
  0x0000014eabacd800 JavaThread "Service Thread" daemon [_thread_blocked, id=12944, stack(0x00000006d3200000,0x00000006d3300000)]
=>0x0000014eabad2800 JavaThread "C2 CompilerThread0" daemon [_thread_in_native, id=5168, stack(0x00000006d3300000,0x00000006d3400000)]
  0x0000014eabb1d800 JavaThread "C1 CompilerThread0" daemon [_thread_blocked, id=17516, stack(0x00000006d3400000,0x00000006d3500000)]
  0x0000014eabb21800 JavaThread "Sweeper thread" daemon [_thread_blocked, id=5896, stack(0x00000006d3500000,0x00000006d3600000)]
  0x0000014eac583000 JavaThread "Common-Cleaner" daemon [_thread_blocked, id=8296, stack(0x00000006d3700000,0x00000006d3800000)]
  0x0000014eace8c000 JavaThread "pool-1-thread-1" [_thread_blocked, id=18140, stack(0x00000006d3800000,0x00000006d3900000)]

Other Threads:
  0x0000014eaba89000 VMThread "VM Thread" [stack: 0x00000006d2d00000,0x00000006d2e00000] [id=20248]
  0x0000014eac576000 WatcherThread [stack: 0x00000006d3600000,0x00000006d3700000] [id=6900]
  0x0000014e93d75000 GCTaskThread "GC Thread#0" [stack: 0x00000006d2800000,0x00000006d2900000] [id=14276]
  0x0000014eaceba000 GCTaskThread "GC Thread#1" [stack: 0x00000006d3900000,0x00000006d3a00000] [id=19668]
  0x0000014eacf4f000 GCTaskThread "GC Thread#2" [stack: 0x00000006d3a00000,0x00000006d3b00000] [id=12268]
  0x0000014ead23c800 GCTaskThread "GC Thread#3" [stack: 0x00000006d3b00000,0x00000006d3c00000] [id=18532]
  0x0000014e93d93800 ConcurrentGCThread "G1 Main Marker" [stack: 0x00000006d2900000,0x00000006d2a00000] [id=7464]
  0x0000014e93d95000 ConcurrentGCThread "G1 Conc#0" [stack: 0x00000006d2a00000,0x00000006d2b00000] [id=18816]
  0x0000014e93dff000 ConcurrentGCThread "G1 Refine#0" [stack: 0x00000006d2b00000,0x00000006d2c00000] [id=1184]
  0x0000014e93e00000 ConcurrentGCThread "G1 Young RemSet Sampling" [stack: 0x00000006d2c00000,0x00000006d2d00000] [id=11808]

Threads with active compile tasks:
C2 CompilerThread0   2867  947   !   4       java.util.concurrent.ConcurrentHashMap::putVal (432 bytes)

VM state:at safepoint (normal execution)

VM Mutex/Monitor currently owned by a thread:  ([mutex/lock_event])
[0x0000014e93d5bc30] Threads_lock - owner thread: 0x0000014eaba89000
[0x0000014e93d5b450] Heap_lock - owner thread: 0x0000014e93d5e000

Heap address: 0x00000000c1e00000, size: 994 MB, Compressed Oops mode: 32-bit
Narrow klass base: 0x0000000000000000, Narrow klass shift: 3
Compressed class space size: 1073741824 Address: 0x0000000100000000

Heap:
 garbage-first heap   total 65536K, used 9147K [0x00000000c1e00000, 0x0000000100000000)
  region size 1024K, 1 young (1024K), 1 survivors (1024K)
 Metaspace       used 12752K, capacity 12997K, committed 13056K, reserved 1060864K
  class space    used 1440K, capacity 1524K, committed 1536K, reserved 1048576K
Heap Regions: E=young(eden), S=young(survivor), O=old, HS=humongous(starts), HC=humongous(continues), CS=collection set, F=free, A=archive, TAMS=top-at-mark-start (previous, next)
|   0|0x00000000c1e00000, 0x00000000c1f00000, 0x00000000c1f00000|100%| O|  |TAMS 0x00000000c1e00000, 0x00000000c1f00000| Untracked 
|   1|0x00000000c1f00000, 0x00000000c2000000, 0x00000000c2000000|100%| O|  |TAMS 0x00000000c1f00000, 0x00000000c2000000| Untracked 
|   2|0x00000000c2000000, 0x00000000c2095600, 0x00000000c2100000| 58%| O|  |TAMS 0x00000000c2000000, 0x00000000c2095600| Untracked 
|   3|0x00000000c2100000, 0x00000000c2200000, 0x00000000c2200000|100%|HS|  |TAMS 0x00000000c2100000, 0x00000000c2200000| Complete 
|   4|0x00000000c2200000, 0x00000000c2300000, 0x00000000c2300000|100%|HC|  |TAMS 0x00000000c2200000, 0x00000000c2300000| Complete 
|   5|0x00000000c2300000, 0x00000000c2400000, 0x00000000c2400000|100%|HC|  |TAMS 0x00000000c2300000, 0x00000000c2400000| Complete 
|   6|0x00000000c2400000, 0x00000000c2500000, 0x00000000c2500000|100%| O|  |TAMS 0x00000000c2400000, 0x00000000c2500000| Untracked 
|   7|0x00000000c2500000, 0x00000000c2600000, 0x00000000c2600000|100%| O|  |TAMS 0x00000000c2500000, 0x00000000c2600000| Untracked 
|   8|0x00000000c2600000, 0x00000000c2700000, 0x00000000c2700000|100%| O|  |TAMS 0x00000000c2600000, 0x00000000c2700000| Untracked 
|   9|0x00000000c2700000, 0x00000000c2700000, 0x00000000c2800000|  0%| F|  |TAMS 0x00000000c2700000, 0x00000000c2700000| Untracked 
|  10|0x00000000c2800000, 0x00000000c2800000, 0x00000000c2900000|  0%| F|  |TAMS 0x00000000c2800000, 0x00000000c2800000| Untracked 
|  11|0x00000000c2900000, 0x00000000c2900000, 0x00000000c2a00000|  0%| F|  |TAMS 0x00000000c2900000, 0x00000000c2900000| Untracked 
|  12|0x00000000c2a00000, 0x00000000c2a00000, 0x00000000c2b00000|  0%| F|  |TAMS 0x00000000c2a00000, 0x00000000c2a00000| Untracked 
|  13|0x00000000c2b00000, 0x00000000c2b00000, 0x00000000c2c00000|  0%| F|  |TAMS 0x00000000c2b00000, 0x00000000c2b00000| Untracked 
|  14|0x00000000c2c00000, 0x00000000c2c00000, 0x00000000c2d00000|  0%| F|  |TAMS 0x00000000c2c00000, 0x00000000c2c00000| Untracked 
|  15|0x00000000c2d00000, 0x00000000c2d00000, 0x00000000c2e00000|  0%| F|  |TAMS 0x00000000c2d00000, 0x00000000c2d00000| Untracked 
|  16|0x00000000c2e00000, 0x00000000c2e00000, 0x00000000c2f00000|  0%| F|  |TAMS 0x00000000c2e00000, 0x00000000c2e00000| Untracked 
|  17|0x00000000c2f00000, 0x00000000c2f00000, 0x00000000c3000000|  0%| F|  |TAMS 0x00000000c2f00000, 0x00000000c2f00000| Untracked 
|  18|0x00000000c3000000, 0x00000000c3000000, 0x00000000c3100000|  0%| F|  |TAMS 0x00000000c3000000, 0x00000000c3000000| Untracked 
|  19|0x00000000c3100000, 0x00000000c3100000, 0x00000000c3200000|  0%| F|  |TAMS 0x00000000c3100000, 0x00000000c3100000| Untracked 
|  20|0x00000000c3200000, 0x00000000c3200000, 0x00000000c3300000|  0%| F|  |TAMS 0x00000000c3200000, 0x00000000c3200000| Untracked 
|  21|0x00000000c3300000, 0x00000000c3300000, 0x00000000c3400000|  0%| F|  |TAMS 0x00000000c3300000, 0x00000000c3300000| Untracked 
|  22|0x00000000c3400000, 0x00000000c3400000, 0x00000000c3500000|  0%| F|  |TAMS 0x00000000c3400000, 0x00000000c3400000| Untracked 
|  23|0x00000000c3500000, 0x00000000c3500000, 0x00000000c3600000|  0%| F|  |TAMS 0x00000000c3500000, 0x00000000c3500000| Untracked 
|  24|0x00000000c3600000, 0x00000000c3600000, 0x00000000c3700000|  0%| F|  |TAMS 0x00000000c3600000, 0x00000000c3600000| Untracked 
|  25|0x00000000c3700000, 0x00000000c3700000, 0x00000000c3800000|  0%| F|  |TAMS 0x00000000c3700000, 0x00000000c3700000| Untracked 
|  26|0x00000000c3800000, 0x00000000c3800000, 0x00000000c3900000|  0%| F|  |TAMS 0x00000000c3800000, 0x00000000c3800000| Untracked 
|  27|0x00000000c3900000, 0x00000000c3900000, 0x00000000c3a00000|  0%| F|  |TAMS 0x00000000c3900000, 0x00000000c3900000| Untracked 
|  28|0x00000000c3a00000, 0x00000000c3a00000, 0x00000000c3b00000|  0%| F|  |TAMS 0x00000000c3a00000, 0x00000000c3a00000| Untracked 
|  29|0x00000000c3b00000, 0x00000000c3b00000, 0x00000000c3c00000|  0%| F|  |TAMS 0x00000000c3b00000, 0x00000000c3b00000| Untracked 
|  30|0x00000000c3c00000, 0x00000000c3c00000, 0x00000000c3d00000|  0%| F|  |TAMS 0x00000000c3c00000, 0x00000000c3c00000| Untracked 
|  31|0x00000000c3d00000, 0x00000000c3d00000, 0x00000000c3e00000|  0%| F|  |TAMS 0x00000000c3d00000, 0x00000000c3d00000| Untracked 
|  32|0x00000000c3e00000, 0x00000000c3e00000, 0x00000000c3f00000|  0%| F|  |TAMS 0x00000000c3e00000, 0x00000000c3e00000| Untracked 
|  33|0x00000000c3f00000, 0x00000000c3f00000, 0x00000000c4000000|  0%| F|  |TAMS 0x00000000c3f00000, 0x00000000c3f00000| Untracked 
|  34|0x00000000c4000000, 0x00000000c4000000, 0x00000000c4100000|  0%| F|  |TAMS 0x00000000c4000000, 0x00000000c4000000| Untracked 
|  35|0x00000000c4100000, 0x00000000c4100000, 0x00000000c4200000|  0%| F|  |TAMS 0x00000000c4100000, 0x00000000c4100000| Untracked 
|  36|0x00000000c4200000, 0x00000000c4200000, 0x00000000c4300000|  0%| F|  |TAMS 0x00000000c4200000, 0x00000000c4200000| Untracked 
|  37|0x00000000c4300000, 0x00000000c4300000, 0x00000000c4400000|  0%| F|  |TAMS 0x00000000c4300000, 0x00000000c4300000| Untracked 
|  38|0x00000000c4400000, 0x00000000c4400000, 0x00000000c4500000|  0%| F|  |TAMS 0x00000000c4400000, 0x00000000c4400000| Untracked 
|  39|0x00000000c4500000, 0x00000000c4500000, 0x00000000c4600000|  0%| F|  |TAMS 0x00000000c4500000, 0x00000000c4500000| Untracked 
|  40|0x00000000c4600000, 0x00000000c4600000, 0x00000000c4700000|  0%| F|  |TAMS 0x00000000c4600000, 0x00000000c4600000| Untracked 
|  41|0x00000000c4700000, 0x00000000c4700000, 0x00000000c4800000|  0%| F|  |TAMS 0x00000000c4700000, 0x00000000c4700000| Untracked 
|  42|0x00000000c4800000, 0x00000000c4800000, 0x00000000c4900000|  0%| F|  |TAMS 0x00000000c4800000, 0x00000000c4800000| Untracked 
|  43|0x00000000c4900000, 0x00000000c4900000, 0x00000000c4a00000|  0%| F|  |TAMS 0x00000000c4900000, 0x00000000c4900000| Untracked 
|  44|0x00000000c4a00000, 0x00000000c4a00000, 0x00000000c4b00000|  0%| F|  |TAMS 0x00000000c4a00000, 0x00000000c4a00000| Untracked 
|  45|0x00000000c4b00000, 0x00000000c4b00000, 0x00000000c4c00000|  0%| F|  |TAMS 0x00000000c4b00000, 0x00000000c4b00000| Untracked 
|  46|0x00000000c4c00000, 0x00000000c4c00000, 0x00000000c4d00000|  0%| F|  |TAMS 0x00000000c4c00000, 0x00000000c4c00000| Untracked 
|  47|0x00000000c4d00000, 0x00000000c4d00000, 0x00000000c4e00000|  0%| F|  |TAMS 0x00000000c4d00000, 0x00000000c4d00000| Untracked 
|  48|0x00000000c4e00000, 0x00000000c4e00000, 0x00000000c4f00000|  0%| F|  |TAMS 0x00000000c4e00000, 0x00000000c4e00000| Untracked 
|  49|0x00000000c4f00000, 0x00000000c4f00000, 0x00000000c5000000|  0%| F|  |TAMS 0x00000000c4f00000, 0x00000000c4f00000| Untracked 
|  50|0x00000000c5000000, 0x00000000c5000000, 0x00000000c5100000|  0%| F|  |TAMS 0x00000000c5000000, 0x00000000c5000000| Untracked 
|  51|0x00000000c5100000, 0x00000000c5100000, 0x00000000c5200000|  0%| F|  |TAMS 0x00000000c5100000, 0x00000000c5100000| Untracked 
|  52|0x00000000c5200000, 0x00000000c5200000, 0x00000000c5300000|  0%| F|  |TAMS 0x00000000c5200000, 0x00000000c5200000| Untracked 
|  53|0x00000000c5300000, 0x00000000c5300000, 0x00000000c5400000|  0%| F|  |TAMS 0x00000000c5300000, 0x00000000c5300000| Untracked 
|  54|0x00000000c5400000, 0x00000000c5400000, 0x00000000c5500000|  0%| F|  |TAMS 0x00000000c5400000, 0x00000000c5400000| Untracked 
|  55|0x00000000c5500000, 0x00000000c5500000, 0x00000000c5600000|  0%| F|  |TAMS 0x00000000c5500000, 0x00000000c5500000| Untracked 
|  56|0x00000000c5600000, 0x00000000c5600000, 0x00000000c5700000|  0%| F|  |TAMS 0x00000000c5600000, 0x00000000c5600000| Untracked 
|  57|0x00000000c5700000, 0x00000000c5700000, 0x00000000c5800000|  0%| F|  |TAMS 0x00000000c5700000, 0x00000000c5700000| Untracked 
|  58|0x00000000c5800000, 0x00000000c58597c0, 0x00000000c5900000| 34%| S|CS|TAMS 0x00000000c5800000, 0x00000000c5800000| Complete 
|  59|0x00000000c5900000, 0x00000000c5900000, 0x00000000c5a00000|  0%| F|  |TAMS 0x00000000c5900000, 0x00000000c5900000| Untracked 
|  60|0x00000000c5a00000, 0x00000000c5a00000, 0x00000000c5b00000|  0%| F|  |TAMS 0x00000000c5a00000, 0x00000000c5a00000| Untracked 
|  61|0x00000000c5b00000, 0x00000000c5b00000, 0x00000000c5c00000|  0%| F|  |TAMS 0x00000000c5b00000, 0x00000000c5b00000| Untracked 
|  62|0x00000000c5c00000, 0x00000000c5c00000, 0x00000000c5d00000|  0%| F|  |TAMS 0x00000000c5c00000, 0x00000000c5c00000| Untracked 
|  63|0x00000000c5d00000, 0x00000000c5d00000, 0x00000000c5e00000|  0%| F|  |TAMS 0x00000000c5d00000, 0x00000000c5d00000| Untracked 

Card table byte_map: [0x0000014ea6d90000,0x0000014ea6f90000] _byte_map_base: 0x0000014ea6781000

Marking Bits (Prev, Next): (CMBitMap*) 0x0000014e93d8f068, (CMBitMap*) 0x0000014e93d8f0a0
 Prev Bits: [0x0000014ea7190000, 0x0000014ea8118000)
 Next Bits: [0x0000014ea8120000, 0x0000014ea90a8000)

Polling page: 0x0000014e91ce0000

Metaspace:

Usage:
  Non-class:     11.20 MB capacity,    11.05 MB ( 99%) used,   144.15 KB (  1%) free+waste,    16.75 KB ( <1%) overhead. 
      Class:      1.49 MB capacity,     1.41 MB ( 95%) used,    75.48 KB (  5%) free+waste,     8.25 KB ( <1%) overhead. 
       Both:     12.69 MB capacity,    12.45 MB ( 98%) used,   219.63 KB (  2%) free+waste,    25.00 KB ( <1%) overhead. 

Virtual space:
  Non-class space:       12.00 MB reserved,      11.25 MB ( 94%) committed 
      Class space:        1.00 GB reserved,       1.50 MB ( <1%) committed 
             Both:        1.01 GB reserved,      12.75 MB (  1%) committed 

Chunk freelists:
   Non-Class:  47.00 KB
       Class:  12.00 KB
        Both:  59.00 KB

MaxMetaspaceSize: 17179869184.00 GB
CompressedClassSpaceSize: 1.00 GB

CodeHeap 'non-profiled nmethods': size=120000Kb used=324Kb max_used=324Kb free=119676Kb
 bounds [0x0000014e9f330000, 0x0000014e9f5a0000, 0x0000014ea6860000]
CodeHeap 'profiled nmethods': size=120000Kb used=1718Kb max_used=1718Kb free=118281Kb
 bounds [0x0000014e97e00000, 0x0000014e98070000, 0x0000014e9f330000]
CodeHeap 'non-nmethods': size=5760Kb used=1084Kb max_used=1095Kb free=4675Kb
 bounds [0x0000014e97860000, 0x0000014e97ad0000, 0x0000014e97e00000]
 total_blobs=1360 nmethods=969 adapters=303
 compilation: enabled
              stopped_count=0, restarted_count=0
 full_count=0

Compilation events (20 events):
Event: 2.690 Thread 0x0000014eabb1d800  951       3       java.lang.invoke.MemberName::<init> (47 bytes)
Event: 2.690 Thread 0x0000014eabb1d800 nmethod 951 0x0000014e97fa7890 code [0x0000014e97fa7a80, 0x0000014e97fa7d98]
Event: 2.690 Thread 0x0000014eabb1d800  953       1       java.lang.invoke.DirectMethodHandle::internalMemberName (5 bytes)
Event: 2.690 Thread 0x0000014eabb1d800 nmethod 953 0x0000014e9f37f490 code [0x0000014e9f37f640, 0x0000014e9f37f6f8]
Event: 2.691 Thread 0x0000014eabb1d800  955       3       jdk.internal.org.objectweb.asm.ByteVector::enlarge (51 bytes)
Event: 2.692 Thread 0x0000014eabb1d800 nmethod 955 0x0000014e97fa7f10 code [0x0000014e97fa80e0, 0x0000014e97fa83e8]
Event: 2.692 Thread 0x0000014eabb1d800  956       3       java.lang.invoke.MethodType::basicType (8 bytes)
Event: 2.692 Thread 0x0000014eabb1d800 nmethod 956 0x0000014e97fa8510 code [0x0000014e97fa86c0, 0x0000014e97fa87d8]
Event: 2.697 Thread 0x0000014eabb1d800  958       3       java.util.Arrays::hashCode (56 bytes)
Event: 2.697 Thread 0x0000014eabb1d800 nmethod 958 0x0000014e97fa8890 code [0x0000014e97fa8a60, 0x0000014e97fa8d88]
Event: 2.697 Thread 0x0000014eabb1d800  959       3       sun.invoke.util.VerifyAccess::isClassAccessible (182 bytes)
Event: 2.700 Thread 0x0000014eabb1d800 nmethod 959 0x0000014e97fa8f10 code [0x0000014e97fa92c0, 0x0000014e97faa878]
Event: 2.700 Thread 0x0000014eabb1d800  961       3       sun.invoke.util.BytecodeDescriptor::unparse (37 bytes)
Event: 2.701 Thread 0x0000014eabb1d800 nmethod 961 0x0000014e97faaf10 code [0x0000014e97fab140, 0x0000014e97fab818]
Event: 2.701 Thread 0x0000014eabb1d800  960       3       sun.invoke.util.VerifyAccess::getClassModifiers (24 bytes)
Event: 2.702 Thread 0x0000014eabb1d800 nmethod 960 0x0000014e97faba90 code [0x0000014e97fabc60, 0x0000014e97fabe88]
Event: 2.703 Thread 0x0000014eabb1d800  962       3       java.util.HashMap$EntryIterator::next (5 bytes)
Event: 2.703 Thread 0x0000014eabb1d800 nmethod 962 0x0000014e97fabf90 code [0x0000014e97fac160, 0x0000014e97fac2e8]
Event: 2.703 Thread 0x0000014eabb1d800  963       3       java.util.HashMap$EntryIterator::next (5 bytes)
Event: 2.703 Thread 0x0000014eabb1d800 nmethod 963 0x0000014e97fac390 code [0x0000014e97fac540, 0x0000014e97fac668]

GC Heap History (2 events):
Event: 2.509 GC heap before
{Heap before GC invocations=0 (full 0):
 garbage-first heap   total 65536K, used 29696K [0x00000000c1e00000, 0x0000000100000000)
  region size 1024K, 24 young (24576K), 0 survivors (0K)
 Metaspace       used 11553K, capacity 11739K, committed 11904K, reserved 1060864K
  class space    used 1259K, capacity 1338K, committed 1408K, reserved 1048576K
}
Event: 2.525 GC heap after
{Heap after GC invocations=1 (full 0):
 garbage-first heap   total 65536K, used 8759K [0x00000000c1e00000, 0x0000000100000000)
  region size 1024K, 3 young (3072K), 3 survivors (3072K)
 Metaspace       used 11553K, capacity 11739K, committed 11904K, reserved 1060864K
  class space    used 1259K, capacity 1338K, committed 1408K, reserved 1048576K
}

Deoptimization events (20 events):
Event: 2.060 Thread 0x0000014e93d5e000 Uncommon trap: trap_request=0xffffff4d fr.pc=0x0000014e9f34e9a8 relative=0x00000000000001c8
Event: 2.060 Thread 0x0000014e93d5e000 Uncommon trap: reason=unstable_if action=reinterpret pc=0x0000014e9f34e9a8 method=java.util.regex.Matcher.reset()Ljava/util/regex/Matcher; @ 47 c2
Event: 2.060 Thread 0x0000014e93d5e000 DEOPT PACKING pc=0x0000014e9f34e9a8 sp=0x00000006d27fda80
Event: 2.060 Thread 0x0000014e93d5e000 DEOPT UNPACKING pc=0x0000014e9788662f sp=0x00000006d27fda08 mode 2
Event: 2.060 Thread 0x0000014e93d5e000 Uncommon trap: trap_request=0xffffffde fr.pc=0x0000014e9f34f1f0 relative=0x00000000000003d0
Event: 2.060 Thread 0x0000014e93d5e000 Uncommon trap: reason=class_check action=maybe_recompile pc=0x0000014e9f34f1f0 method=java.util.regex.Matcher.match(II)Z @ 121 c2
Event: 2.060 Thread 0x0000014e93d5e000 DEOPT PACKING pc=0x0000014e9f34f1f0 sp=0x00000006d27fdad0
Event: 2.060 Thread 0x0000014e93d5e000 DEOPT UNPACKING pc=0x0000014e9788662f sp=0x00000006d27fda78 mode 2
Event: 2.060 Thread 0x0000014e93d5e000 Uncommon trap: trap_request=0xffffffde fr.pc=0x0000014e9f34f1f0 relative=0x00000000000003d0
Event: 2.060 Thread 0x0000014e93d5e000 Uncommon trap: reason=class_check action=maybe_recompile pc=0x0000014e9f34f1f0 method=java.util.regex.Matcher.match(II)Z @ 121 c2
Event: 2.060 Thread 0x0000014e93d5e000 DEOPT PACKING pc=0x0000014e9f34f1f0 sp=0x00000006d27fdad0
Event: 2.060 Thread 0x0000014e93d5e000 DEOPT UNPACKING pc=0x0000014e9788662f sp=0x00000006d27fda78 mode 2
Event: 2.060 Thread 0x0000014e93d5e000 Uncommon trap: trap_request=0xffffffde fr.pc=0x0000014e9f34f1f0 relative=0x00000000000003d0
Event: 2.060 Thread 0x0000014e93d5e000 Uncommon trap: reason=class_check action=maybe_recompile pc=0x0000014e9f34f1f0 method=java.util.regex.Matcher.match(II)Z @ 121 c2
Event: 2.060 Thread 0x0000014e93d5e000 DEOPT PACKING pc=0x0000014e9f34f1f0 sp=0x00000006d27fd950
Event: 2.060 Thread 0x0000014e93d5e000 DEOPT UNPACKING pc=0x0000014e9788662f sp=0x00000006d27fd8f8 mode 2
Event: 2.061 Thread 0x0000014e93d5e000 Uncommon trap: trap_request=0xffffffde fr.pc=0x0000014e9f34f1f0 relative=0x00000000000003d0
Event: 2.061 Thread 0x0000014e93d5e000 Uncommon trap: reason=class_check action=maybe_recompile pc=0x0000014e9f34f1f0 method=java.util.regex.Matcher.match(II)Z @ 121 c2
Event: 2.061 Thread 0x0000014e93d5e000 DEOPT PACKING pc=0x0000014e9f34f1f0 sp=0x00000006d27fd950
Event: 2.061 Thread 0x0000014e93d5e000 DEOPT UNPACKING pc=0x0000014e9788662f sp=0x00000006d27fd8f8 mode 2

Classes redefined (0 events):
No events

Internal exceptions (8 events):
Event: 0.491 Thread 0x0000014e93d5e000 Exception <a 'java/lang/NoSuchMethodError'{0x00000000c5c9de28}: 'int java.lang.invoke.DirectMethodHandle$Holder.invokeSpecialIFC(java.lang.Object, java.lang.Object, int)'> (0x00000000c5c9de28) thrown at [./src/hotspot/share/interpreter/linkResolver.cpp, line 773]
Event: 0.816 Thread 0x0000014e93d5e000 Exception <a 'java/lang/NoSuchMethodError'{0x00000000c5a678d8}: 'int java.lang.invoke.DirectMethodHandle$Holder.invokeStaticInit(java.lang.Object, java.lang.Object)'> (0x00000000c5a678d8) thrown at [./src/hotspot/share/interpreter/linkResolver.cpp, line 773]
Event: 1.014 Thread 0x0000014e93d5e000 Exception <a 'java/lang/NoSuchMethodError'{0x00000000c5922288}: 'int java.lang.invoke.DirectMethodHandle$Holder.invokeSpecial(java.lang.Object, java.lang.Object, java.lang.Object, java.lang.Object)'> (0x00000000c5922288) thrown at [./src/hotspot/share/interpreter/linkResolver.cpp, line 773]
Event: 2.116 Thread 0x0000014e93d5e000 Exception <a 'java/lang/NoClassDefFoundError'{0x00000000c4bdef90}: org/slf4j/impl/StaticMarkerBinder> (0x00000000c4bdef90) thrown at [./src/hotspot/share/classfile/systemDictionary.cpp, line 220]
Event: 2.143 Thread 0x0000014e93d5e000 Exception <a 'java/lang/NoSuchMethodError'{0x00000000c4a77568}: 'java.lang.Object java.lang.invoke.DirectMethodHandle$Holder.invokeVirtual(java.lang.Object, java.lang.Object, java.lang.Object, java.lang.Object, java.lang.Object)'> (0x00000000c4a77568) thrown at [./src/hotspot/share/interpreter/linkResolver.cpp, line 773]
Event: 2.448 Thread 0x0000014e93d5e000 Exception <a 'java/lang/NoSuchMethodError'{0x00000000c47f8f48}: 'java.lang.Object java.lang.invoke.Invokers$Holder.invoker(java.lang.Object, java.lang.Object, java.lang.Object, java.lang.Object, java.lang.Object)'> (0x00000000c47f8f48) thrown at [./src/hotspot/share/interpreter/linkResolver.cpp, line 773]
Event: 2.453 Thread 0x0000014e93d5e000 Exception <a 'java/lang/NoSuchMethodError'{0x00000000c460a0d0}: 'void java.lang.invoke.DelegatingMethodHandle$Holder.delegate(java.lang.Object, java.lang.Object, int, java.lang.Object)'> (0x00000000c460a0d0) thrown at [./src/hotspot/share/interpreter/linkResolver.cpp, line 773]
Event: 2.685 Thread 0x0000014e93d5e000 Exception <a 'java/lang/NoSuchMethodError'{0x00000000c5b73ee8}: 'java.lang.Object java.lang.invoke.DirectMethodHandle$Holder.invokeStaticInit(java.lang.Object, java.lang.Object, java.lang.Object)'> (0x00000000c5b73ee8) thrown at [./src/hotspot/share/interpreter/linkResolver.cpp, line 773]

Events (20 events):
Event: 2.700 loading class java/util/TreeMap$EntryIterator
Event: 2.700 loading class java/util/TreeMap$PrivateEntryIterator
Event: 2.701 loading class java/util/TreeMap$PrivateEntryIterator done
Event: 2.701 loading class java/util/TreeMap$EntryIterator done
Event: 2.702 loading class java/util/Collections$UnmodifiableMap$UnmodifiableEntrySet
Event: 2.702 loading class java/util/Collections$UnmodifiableMap$UnmodifiableEntrySet done
Event: 2.702 loading class java/util/Collections$UnmodifiableMap$UnmodifiableEntrySet$1
Event: 2.702 loading class java/util/Collections$UnmodifiableMap$UnmodifiableEntrySet$1 done
Event: 2.702 loading class java/util/Collections$UnmodifiableMap$UnmodifiableEntrySet$UnmodifiableEntry
Event: 2.702 loading class java/util/Collections$UnmodifiableMap$UnmodifiableEntrySet$UnmodifiableEntry done
Event: 2.703 loading class org/gradle/internal/buildoption/Origin
Event: 2.703 loading class org/gradle/internal/buildoption/Origin done
Event: 2.703 loading class org/gradle/internal/buildoption/Origin$CommandLineOrigin
Event: 2.703 loading class org/gradle/internal/buildoption/Origin$CommandLineOrigin done
Event: 2.704 loading class org/gradle/internal/buildoption/Origin$GradlePropertyOrigin
Event: 2.704 loading class org/gradle/internal/buildoption/Origin$GradlePropertyOrigin done
Event: 2.704 loading class org/gradle/util/internal/ArgumentsSplitter
Event: 2.704 loading class org/gradle/util/internal/ArgumentsSplitter done
Event: 2.706 loading class org/gradle/api/internal/provider/ValueSupplier$ValueConsumer
Event: 2.706 loading class org/gradle/api/internal/provider/ValueSupplier$ValueConsumer done


Dynamic libraries:
0x00007ff601450000 - 0x00007ff60145a000 	C:\Program Files\Android\Android Studio\jre\bin\java.exe
0x00007ff8a95d0000 - 0x00007ff8a97c5000 	C:\WINDOWS\SYSTEM32\ntdll.dll
0x00007ff8a8230000 - 0x00007ff8a82ed000 	C:\WINDOWS\System32\KERNEL32.DLL
0x00007ff8a7140000 - 0x00007ff8a740d000 	C:\WINDOWS\System32\KERNELBASE.dll
0x00007ff8a74b0000 - 0x00007ff8a75b0000 	C:\WINDOWS\System32\ucrtbase.dll
0x00007ff8a4090000 - 0x00007ff8a40a7000 	C:\Program Files\Android\Android Studio\jre\bin\VCRUNTIME140.dll
0x00007ff8a5530000 - 0x00007ff8a5549000 	C:\Program Files\Android\Android Studio\jre\bin\jli.dll
0x00007ff8a9390000 - 0x00007ff8a9530000 	C:\WINDOWS\System32\USER32.dll
0x00007ff8a6ea0000 - 0x00007ff8a6ec2000 	C:\WINDOWS\System32\win32u.dll
0x00007ff8a9360000 - 0x00007ff8a938a000 	C:\WINDOWS\System32\GDI32.dll
0x00007ff88c550000 - 0x00007ff88c7ea000 	C:\WINDOWS\WinSxS\amd64_microsoft.windows.common-controls_6595b64144ccf1df_6.0.19041.1110_none_60b5254171f9507e\COMCTL32.dll
0x00007ff8a6ce0000 - 0x00007ff8a6deb000 	C:\WINDOWS\System32\gdi32full.dll
0x00007ff8a8060000 - 0x00007ff8a80fe000 	C:\WINDOWS\System32\msvcrt.dll
0x00007ff8a7410000 - 0x00007ff8a74ad000 	C:\WINDOWS\System32\msvcp_win.dll
0x00007ff8a90a0000 - 0x00007ff8a90d0000 	C:\WINDOWS\System32\IMM32.DLL
0x00007ff860030000 - 0x00007ff8600cd000 	C:\Program Files\Android\Android Studio\jre\bin\msvcp140.dll
0x00007ff841720000 - 0x00007ff8421f5000 	C:\Program Files\Android\Android Studio\jre\bin\server\jvm.dll
0x00007ff8a7620000 - 0x00007ff8a76ce000 	C:\WINDOWS\System32\ADVAPI32.dll
0x00007ff8a8400000 - 0x00007ff8a849c000 	C:\WINDOWS\System32\sechost.dll
0x00007ff8a8100000 - 0x00007ff8a8225000 	C:\WINDOWS\System32\RPCRT4.dll
0x00007ff8a9220000 - 0x00007ff8a9228000 	C:\WINDOWS\System32\PSAPI.DLL
0x00007ff8920b0000 - 0x00007ff8920b9000 	C:\WINDOWS\SYSTEM32\WSOCK32.dll
0x00007ff895160000 - 0x00007ff895187000 	C:\WINDOWS\SYSTEM32\WINMM.dll
0x00007ff8a90d0000 - 0x00007ff8a913b000 	C:\WINDOWS\System32\WS2_32.dll
0x00007ff894750000 - 0x00007ff89475a000 	C:\WINDOWS\SYSTEM32\VERSION.dll
0x00007ff8a5570000 - 0x00007ff8a5582000 	C:\WINDOWS\SYSTEM32\kernel.appcore.dll
0x00007ff8a4070000 - 0x00007ff8a4081000 	C:\Program Files\Android\Android Studio\jre\bin\verify.dll
0x00007ff891b50000 - 0x00007ff891d34000 	C:\WINDOWS\SYSTEM32\DBGHELP.DLL
0x00007ff890070000 - 0x00007ff89009c000 	C:\WINDOWS\SYSTEM32\dbgcore.DLL
0x00007ff8a70b0000 - 0x00007ff8a7132000 	C:\WINDOWS\System32\bcryptPrimitives.dll
0x00007ff8a4040000 - 0x00007ff8a4069000 	C:\Program Files\Android\Android Studio\jre\bin\java.dll
0x00007ff8a1910000 - 0x00007ff8a191b000 	C:\Program Files\Android\Android Studio\jre\bin\jimage.dll
0x00007ff8a18f0000 - 0x00007ff8a1908000 	C:\Program Files\Android\Android Studio\jre\bin\zip.dll
0x00007ff8a7760000 - 0x00007ff8a7ea4000 	C:\WINDOWS\System32\SHELL32.dll
0x00007ff8a4b70000 - 0x00007ff8a5304000 	C:\WINDOWS\SYSTEM32\windows.storage.dll
0x00007ff8a8520000 - 0x00007ff8a8874000 	C:\WINDOWS\System32\combase.dll
0x00007ff8a6740000 - 0x00007ff8a676c000 	C:\WINDOWS\SYSTEM32\Wldp.dll
0x00007ff8a88a0000 - 0x00007ff8a894d000 	C:\WINDOWS\System32\SHCORE.dll
0x00007ff8a8df0000 - 0x00007ff8a8e45000 	C:\WINDOWS\System32\shlwapi.dll
0x00007ff8a6c20000 - 0x00007ff8a6c3f000 	C:\WINDOWS\SYSTEM32\profapi.dll
0x00007ff88bcb0000 - 0x00007ff88bcca000 	C:\Program Files\Android\Android Studio\jre\bin\net.dll
0x00007ff898350000 - 0x00007ff89845a000 	C:\WINDOWS\SYSTEM32\WINHTTP.dll
0x00007ff8a64a0000 - 0x00007ff8a650a000 	C:\WINDOWS\system32\mswsock.dll
0x00007ff88bc90000 - 0x00007ff88bca4000 	C:\Program Files\Android\Android Studio\jre\bin\nio.dll
0x00007ff88bc60000 - 0x00007ff88bc86000 	C:\Users\Acer\.gradle\native\fdc75f09e3144964f2cf3f50f0aa648679c211496f362492102eb8c894070792\windows-amd64\native-platform.dll
0x00007ff847b10000 - 0x00007ff847ca1000 	C:\Users\Acer\.gradle\native\12488b8bf47d2d4c9fbf2f6322a914ad602e24e48041cd04a747c6da556b65c4\windows-amd64\native-platform-file-events.dll
0x00007ff8a18e0000 - 0x00007ff8a18ea000 	C:\Program Files\Android\Android Studio\jre\bin\management.dll
0x00007ff8a17d0000 - 0x00007ff8a17dd000 	C:\Program Files\Android\Android Studio\jre\bin\management_ext.dll

dbghelp: loaded successfully - version: 4.0.5 - missing functions: none
symbol engine: initialized successfully - sym options: 0x614 - pdb path: .;C:\Program Files\Android\Android Studio\jre\bin;C:\WINDOWS\SYSTEM32;C:\WINDOWS\WinSxS\amd64_microsoft.windows.common-controls_6595b64144ccf1df_6.0.19041.1110_none_60b5254171f9507e;C:\Program Files\Android\Android Studio\jre\bin\server;C:\Users\Acer\.gradle\native\fdc75f09e3144964f2cf3f50f0aa648679c211496f362492102eb8c894070792\windows-amd64;C:\Users\Acer\.gradle\native\12488b8bf47d2d4c9fbf2f6322a914ad602e24e48041cd04a747c6da556b65c4\windows-amd64

VM Arguments:
jvm_args: -Dorg.gradle.appname=gradlew 
java_command: org.gradle.wrapper.GradleWrapperMain -q -Ptarget-platform=android-x86 -Ptarget=C:\Users\Acer\Documents\FlutterWS\mytutor\lib\main.dart -Pbase-application-name=android.app.Application -Pdart-defines=RkxVVFRFUl9XRUJfQVVUT19ERVRFQ1Q9dHJ1ZQ== -Pdart-obfuscation=false -Ptrack-widget-creation=true -Ptree-shake-icons=false -Pfilesystem-scheme=org-dartlang-root assembleDebug
java_class_path (initial): C:\Users\Acer\Documents\FlutterWS\mytutor\android\\gradle\wrapper\gradle-wrapper.jar
Launcher Type: SUN_STANDARD

[Global flags]
     intx CICompilerCount                          = 4                                         {product} {ergonomic}
     uint ConcGCThreads                            = 2                                         {product} {ergonomic}
     uint G1ConcRefinementThreads                  = 8                                         {product} {ergonomic}
   size_t G1HeapRegionSize                         = 1048576                                   {product} {ergonomic}
    uintx GCDrainStackTargetSize                   = 64                                        {product} {ergonomic}
   size_t InitialHeapSize                          = 67108864                                  {product} {ergonomic}
   size_t MarkStackSize                            = 4194304                                   {product} {ergonomic}
   size_t MaxHeapSize                              = 1042284544                                {product} {ergonomic}
   size_t MaxNewSize                               = 624951296                                 {product} {ergonomic}
   size_t MinHeapDeltaBytes                        = 1048576                                   {product} {ergonomic}
    uintx NonNMethodCodeHeapSize                   = 5836300                                {pd product} {ergonomic}
    uintx NonProfiledCodeHeapSize                  = 122910970                              {pd product} {ergonomic}
    uintx ProfiledCodeHeapSize                     = 122910970                              {pd product} {ergonomic}
    uintx ReservedCodeCacheSize                    = 251658240                              {pd product} {ergonomic}
     bool SegmentedCodeCache                       = true                                      {product} {ergonomic}
     bool UseCompressedClassPointers               = true                                 {lp64_product} {ergonomic}
     bool UseCompressedOops                        = true                                 {lp64_product} {ergonomic}
     bool UseG1GC                                  = true                                      {product} {ergonomic}
     bool UseLargePagesIndividualAllocation        = false                                  {pd product} {ergonomic}

Logging:
Log output configuration:
 #0: stdout all=warning uptime,level,tags
 #1: stderr all=off uptime,level,tags

Environment Variables:
JAVA_HOME=C:\Program Files\Android\Android Studio\jre
CLASSPATH=C:\Users\Acer\Documents\FlutterWS\mytutor\android\\gradle\wrapper\gradle-wrapper.jar
PATH=C:\Program Files (x86)\Intel\iCLS Client\;C:\Program Files\Intel\iCLS Client\;C:\WINDOWS\system32;C:\WINDOWS;C:\WINDOWS\System32\Wbem;C:\WINDOWS\System32\WindowsPowerShell\v1.0\;C:\Program Files\Intel\WiFi\bin\;C:\Program Files\Common Files\Intel\WirelessCommon\;C:\Program Files (x86)\Intel\Intel(R) Management Engine Components\DAL;C:\Program Files\Intel\Intel(R) Management Engine Components\DAL;C:\Program Files (x86)\Intel\Intel(R) Management Engine Components\IPT;C:\Program Files\Intel\Intel(R) Management Engine Components\IPT;C:\WINDOWS\System32\OpenSSH\;C:\Program Files\Java\jdk-15\bin;C:\Users\Acer\AppData\Local\Microsoft\WindowsApps;C:\Program Files\JetBrains\IntelliJ IDEA Community Edition 2020.2.3\bin;;C:\Users\Acer\AppData\Local\Programs\Microsoft VS Code\bin;C:\src\flutter\bin;C:\Users\Acer\AppData\Local\GitHubDesktop\bin;C:\src\flutter\bin\mingit\cmd
USERNAME=Acer
OS=Windows_NT
PROCESSOR_IDENTIFIER=Intel64 Family 6 Model 142 Stepping 10, GenuineIntel



---------------  S Y S T E M  ---------------

OS: Windows 10 , 64 bit Build 19041 (10.0.19041.1706)
OS uptime: 0 days 6:24 hours

CPU:total 8 (initial active 8) (4 cores per cpu, 2 threads per core) family 6 model 142 stepping 10 microcode 0xb4, cmov, cx8, fxsr, mmx, sse, sse2, sse3, ssse3, sse4.1, sse4.2, popcnt, avx, avx2, aes, clmul, erms, 3dnowpref, lzcnt, ht, tsc, tscinvbit, bmi1, bmi2, adx, fma

Memory: 4k page, system-wide physical 3973M (60M free)
TotalPageFile size 16261M (AvailPageFile size 0M)
current process WorkingSet (physical memory assigned to process): 89M, peak: 89M
current process commit charge ("private bytes"): 157M, peak: 159M

vm_info: OpenJDK 64-Bit Server VM (11.0.11+9-b60-7590822) for windows-amd64 JRE (11.0.11+9-b60-7590822), built on Jul 29 2021 21:43:44 by "builder" with MS VC++ 14.0 (VS2015)

END.
