#
# There is insufficient memory for the Java Runtime Environment to continue.
# Native memory allocation (malloc) failed to allocate 132656 bytes for Chunk::new
# Possible reasons:
#   The system is out of physical RAM or swap space
#   The process is running with CompressedOops enabled, and the Java Heap may be blocking the growth of the native heap
# Possible solutions:
#   Reduce memory load on the system
#   Increase physical memory or swap space
#   Check if swap backing store is full
#   Decrease Java heap size (-Xmx/-Xms)
#   Decrease number of Java threads
#   Decrease Java thread stack sizes (-Xss)
#   Set larger code cache with -XX:ReservedCodeCacheSize=
#   JVM is running with Unscaled Compressed Oops mode in which the Java heap is
#     placed in the first 4GB address space. The Java Heap base address is the
#     maximum limit for the native heap growth. Please use -XX:HeapBaseMinAddress
#     to set the Java Heap base and to place the Java Heap above 4GB virtual address.
# This output file may be truncated or incomplete.
#
#  Out of Memory Error (./src/hotspot/share/memory/arena.cpp:197), pid=8092, tid=6212
#
# JRE version: OpenJDK Runtime Environment (11.0.11+9) (build 11.0.11+9-b60-7590822)
# Java VM: OpenJDK 64-Bit Server VM (11.0.11+9-b60-7590822, mixed mode, tiered, compressed oops, g1 gc, windows-amd64)
# No core dump will be written. Minidumps are not enabled by default on client versions of Windows
#

---------------  S U M M A R Y ------------

Command Line: --add-opens=java.base/java.util=ALL-UNNAMED --add-opens=java.base/java.lang=ALL-UNNAMED --add-opens=java.base/java.lang.invoke=ALL-UNNAMED --add-opens=java.prefs/java.util.prefs=ALL-UNNAMED -Xmx1536M -Dfile.encoding=windows-1252 -Duser.country=MY -Duser.language=en -Duser.variant org.gradle.launcher.daemon.bootstrap.GradleDaemon 6.7

Host: Intel(R) Core(TM) i5-8250U CPU @ 1.60GHz, 8 cores, 3G,  Windows 10 , 64 bit Build 19041 (10.0.19041.1706)
Time: Fri Jun 10 18:02:28 2022 Malay Peninsula Standard Time elapsed time: 28.257041 seconds (0d 0h 0m 28s)

---------------  T H R E A D  ---------------

Current thread (0x000001c7db769000):  JavaThread "C2 CompilerThread0" daemon [_thread_in_native, id=6212, stack(0x0000004cc4500000,0x0000004cc4600000)]


Current CompileTask:
C2:  28257 10415       4       java.util.ComparableTimSort::binarySort (223 bytes)

Stack: [0x0000004cc4500000,0x0000004cc4600000]
Native frames: (J=compiled Java code, j=interpreted, Vv=VM code, C=native code)
V  [jvm.dll+0x5f214a]
V  [jvm.dll+0x726fb5]
V  [jvm.dll+0x7285cd]
V  [jvm.dll+0x728c83]
V  [jvm.dll+0x243278]
V  [jvm.dll+0xbc53c]
V  [jvm.dll+0xbca3c]
V  [jvm.dll+0x353e3b]
V  [jvm.dll+0x321893]
V  [jvm.dll+0x320d8a]
V  [jvm.dll+0x1fc1e2]
V  [jvm.dll+0x1fb3d4]
V  [jvm.dll+0x183d6c]
V  [jvm.dll+0x209a57]
V  [jvm.dll+0x2082a1]
V  [jvm.dll+0x6ef58f]
V  [jvm.dll+0x6e80b5]
V  [jvm.dll+0x5f1036]
C  [ucrtbase.dll+0x21bb2]
C  [KERNEL32.DLL+0x17034]
C  [ntdll.dll+0x52651]


---------------  P R O C E S S  ---------------

Threads class SMR info:
_java_thread_list=0x000001c7e5ef7530, length=167, elements={
0x000001c7c1ca3800, 0x000001c7dadea000, 0x000001c7dadf3000, 0x000001c7db760800,
0x000001c7db763000, 0x000001c7db766000, 0x000001c7db769000, 0x000001c7db76c000,
0x000001c7db76d000, 0x000001c7db8cb000, 0x000001c7dd293800, 0x000001c7dc7b1000,
0x000001c7dd403000, 0x000001c7dc9e3000, 0x000001c7dd0f8800, 0x000001c7dd0fd800,
0x000001c7dd0fe000, 0x000001c7dd3a7000, 0x000001c7dd3a8000, 0x000001c7dd44b800,
0x000001c7dd449800, 0x000001c7dd44b000, 0x000001c7dd44c800, 0x000001c7dd44d800,
0x000001c7dd44e000, 0x000001c7dd44f000, 0x000001c7dd450000, 0x000001c7dd44a000,
0x000001c7de0b9800, 0x000001c7de0b6000, 0x000001c7de0b5800, 0x000001c7de0b8000,
0x000001c7de0b3800, 0x000001c7de0ba000, 0x000001c7de0b4800, 0x000001c7de0c0800,
0x000001c7de0bc000, 0x000001c7de0bc800, 0x000001c7de0bb000, 0x000001c7de0c0000,
0x000001c7de0bf000, 0x000001c7de0c1800, 0x000001c7de0c2800, 0x000001c7de0bd800,
0x000001c7de0be800, 0x000001c7df975000, 0x000001c7df974800, 0x000001c7df977800,
0x000001c7df97b000, 0x000001c7df979000, 0x000001c7df978800, 0x000001c7df976800,
0x000001c7df97a000, 0x000001c7df97b800, 0x000001c7df976000, 0x000001c7df980800,
0x000001c7df97f000, 0x000001c7df97c800, 0x000001c7df981800, 0x000001c7df97d800,
0x000001c7df982000, 0x000001c7df983000, 0x000001c7df97e000, 0x000001c7df97f800,
0x000001c7dd9ee800, 0x000001c7dd9f0000, 0x000001c7dd9ee000, 0x000001c7dd9f1000,
0x000001c7dd9ed000, 0x000001c7dd9eb800, 0x000001c7dd9ef800, 0x000001c7dd9f2000,
0x000001c7dd9ec000, 0x000001c7dd9f7800, 0x000001c7dd9f8800, 0x000001c7dd9f2800,
0x000001c7dd9f7000, 0x000001c7dd9f4800, 0x000001c7dd9f9000, 0x000001c7dd9f6000,
0x000001c7dd9f3800, 0x000001c7dd9fa000, 0x000001c7dd9f5000, 0x000001c7df998800,
0x000001c7df996800, 0x000001c7df99c000, 0x000001c7df999800, 0x000001c7df998000,
0x000001c7df99a800, 0x000001c7df99b000, 0x000001c7df99d000, 0x000001c7df997000,
0x000001c7df9a1800, 0x000001c7df9a3800, 0x000001c7df99f800, 0x000001c7df9a2800,
0x000001c7df99d800, 0x000001c7df9a0000, 0x000001c7df99e800, 0x000001c7df9a1000,
0x000001c7df9a4000, 0x000001c7df9a5000, 0x000001c7e1879800, 0x000001c7e187a000,
0x000001c7e1878800, 0x000001c7e1878000, 0x000001c7e187b000, 0x000001c7e1875800,
0x000001c7e187c000, 0x000001c7e1876000, 0x000001c7e187c800, 0x000001c7e1877000,
0x000001c7e1881800, 0x000001c7e1882800, 0x000001c7e1883000, 0x000001c7e187d800,
0x000001c7e1880000, 0x000001c7e187e800, 0x000001c7e1881000, 0x000001c7e1884000,
0x000001c7e187f000, 0x000001c7e183b000, 0x000001c7e1837800, 0x000001c7e183a000,
0x000001c7e1838800, 0x000001c7e1839800, 0x000001c7e183b800, 0x000001c7e1836000,
0x000001c7e183c800, 0x000001c7e1837000, 0x000001c7e1842000, 0x000001c7e183f000,
0x000001c7e183e000, 0x000001c7e1843000, 0x000001c7e183d800, 0x000001c7e1840000,
0x000001c7e1844000, 0x000001c7e1840800, 0x000001c7e1841800, 0x000001c7e1844800,
0x000001c7e02de800, 0x000001c7e02e2000, 0x000001c7e02dd800, 0x000001c7e02e0000,
0x000001c7e02df800, 0x000001c7e02e2800, 0x000001c7e02dd000, 0x000001c7e02e5000,
0x000001c7e02e6000, 0x000001c7e02e1000, 0x000001c7e02e8800, 0x000001c7e02e6800,
0x000001c7e02e7800, 0x000001c7e02e9000, 0x000001c7e02e3800, 0x000001c7e02ea000,
0x000001c7e02ea800, 0x000001c7e02eb800, 0x000001c7e60a8000, 0x000001c7e60ad000,
0x000001c7e60ab800, 0x000001c7e60a7800, 0x000001c7e60ac800, 0x000001c7e60ae000,
0x000001c7e60ae800, 0x000001c7e60a9000, 0x000001c7e60af800
}

Java Threads: ( => current thread )
  0x000001c7c1ca3800 JavaThread "main" [_thread_blocked, id=14276, stack(0x0000004cc3900000,0x0000004cc3a00000)]
  0x000001c7dadea000 JavaThread "Reference Handler" daemon [_thread_blocked, id=4648, stack(0x0000004cc4000000,0x0000004cc4100000)]
  0x000001c7dadf3000 JavaThread "Finalizer" daemon [_thread_blocked, id=6676, stack(0x0000004cc4100000,0x0000004cc4200000)]
  0x000001c7db760800 JavaThread "Signal Dispatcher" daemon [_thread_blocked, id=5004, stack(0x0000004cc4200000,0x0000004cc4300000)]
  0x000001c7db763000 JavaThread "Attach Listener" daemon [_thread_blocked, id=18688, stack(0x0000004cc4300000,0x0000004cc4400000)]
  0x000001c7db766000 JavaThread "Service Thread" daemon [_thread_blocked, id=17264, stack(0x0000004cc4400000,0x0000004cc4500000)]
=>0x000001c7db769000 JavaThread "C2 CompilerThread0" daemon [_thread_in_native, id=6212, stack(0x0000004cc4500000,0x0000004cc4600000)]
  0x000001c7db76c000 JavaThread "C1 CompilerThread0" daemon [_thread_blocked, id=19420, stack(0x0000004cc4600000,0x0000004cc4700000)]
  0x000001c7db76d000 JavaThread "Sweeper thread" daemon [_thread_blocked, id=18176, stack(0x0000004cc4700000,0x0000004cc4800000)]
  0x000001c7db8cb000 JavaThread "Common-Cleaner" daemon [_thread_blocked, id=19784, stack(0x0000004cc4800000,0x0000004cc4900000)]
  0x000001c7dd293800 JavaThread "Daemon health stats" [_thread_blocked, id=2552, stack(0x0000004cc4b00000,0x0000004cc4c00000)]
  0x000001c7dc7b1000 JavaThread "Incoming local TCP Connector on port 57698" [_thread_in_native, id=20288, stack(0x0000004cc4e00000,0x0000004cc4f00000)]
  0x000001c7dd403000 JavaThread "Daemon periodic checks" [_thread_blocked, id=780, stack(0x0000004cc4f00000,0x0000004cc5000000)]
  0x000001c7dc9e3000 JavaThread "Daemon" [_thread_blocked, id=1152, stack(0x0000004cc5000000,0x0000004cc5100000)]
  0x000001c7dd0f8800 JavaThread "Handler for socket connection from /127.0.0.1:57698 to /127.0.0.1:57699" [_thread_in_native, id=9184, stack(0x0000004cc5100000,0x0000004cc5200000)]
  0x000001c7dd0fd800 JavaThread "Cancel handler" [_thread_blocked, id=19996, stack(0x0000004cc5200000,0x0000004cc5300000)]
  0x000001c7dd0fe000 JavaThread "Daemon worker" [_thread_blocked, id=6256, stack(0x0000004cc5300000,0x0000004cc5400000)]
  0x000001c7dd3a7000 JavaThread "Asynchronous log dispatcher for DefaultDaemonConnection: socket connection from /127.0.0.1:57698 to /127.0.0.1:57699" [_thread_blocked, id=18648, stack(0x0000004cc5400000,0x0000004cc5500000)]
  0x000001c7dd3a8000 JavaThread "Stdin handler" [_thread_blocked, id=17992, stack(0x0000004cc5500000,0x0000004cc5600000)]
  0x000001c7dd44b800 JavaThread "Thread-8" [_thread_blocked, id=7308, stack(0x0000004cc5600000,0x0000004cc5700000)]
  0x000001c7dd449800 JavaThread "Cache worker for file hash cache (C:\Users\Acer\.gradle\caches\6.7\fileHashes)" [_thread_blocked, id=7136, stack(0x0000004cc5d00000,0x0000004cc5e00000)]
  0x000001c7dd44b000 JavaThread "File lock request listener" [_thread_in_native, id=17440, stack(0x0000004cc5e00000,0x0000004cc5f00000)]
  0x000001c7dd44c800 JavaThread "Cache worker for journal cache (C:\Users\Acer\.gradle\caches\journal-1)" [_thread_blocked, id=16836, stack(0x0000004cc5f00000,0x0000004cc6000000)]
  0x000001c7dd44d800 JavaThread "Cache worker for file hash cache (C:\Users\Acer\Documents\FlutterWS\mytutor\android\.gradle\6.7\fileHashes)" [_thread_blocked, id=19880, stack(0x0000004cc6100000,0x0000004cc6200000)]
  0x000001c7dd44e000 JavaThread "Cache worker for checksums cache (C:\Users\Acer\Documents\FlutterWS\mytutor\android\.gradle\checksums)" [_thread_blocked, id=13564, stack(0x0000004cc6200000,0x0000004cc6300000)]
  0x000001c7dd44f000 JavaThread "Cache worker for cache directory md-supplier (C:\Users\Acer\.gradle\caches\6.7\md-supplier)" [_thread_blocked, id=5820, stack(0x0000004cc6300000,0x0000004cc6400000)]
  0x000001c7dd450000 JavaThread "Cache worker for cache directory md-rule (C:\Users\Acer\.gradle\caches\6.7\md-rule)" [_thread_blocked, id=18748, stack(0x0000004cc6400000,0x0000004cc6500000)]
  0x000001c7dd44a000 JavaThread "Cache worker for execution history cache (C:\Users\Acer\.gradle\caches\6.7\executionHistory)" [_thread_blocked, id=524, stack(0x0000004cc6500000,0x0000004cc6600000)]
  0x000001c7de0b9800 JavaThread "jar transforms" [_thread_blocked, id=16448, stack(0x0000004cc6600000,0x0000004cc6700000)]
  0x000001c7de0b6000 JavaThread "Cache worker for file content cache (C:\Users\Acer\.gradle\caches\6.7\fileContent)" [_thread_blocked, id=2064, stack(0x0000004cc6700000,0x0000004cc6800000)]
  0x000001c7de0b5800 JavaThread "Cache worker for Build Output Cleanup Cache (C:\Users\Acer\Documents\FlutterWS\mytutor\android\.gradle\buildOutputCleanup)" [_thread_blocked, id=12280, stack(0x0000004cc6800000,0x0000004cc6900000)]
  0x000001c7de0b8000 JavaThread "Build operations" [_thread_blocked, id=8600, stack(0x0000004cc6900000,0x0000004cc6a00000)]
  0x000001c7de0b3800 JavaThread "Build operations Thread 2" [_thread_blocked, id=9740, stack(0x0000004cc6a00000,0x0000004cc6b00000)]
  0x000001c7de0ba000 JavaThread "Build operations Thread 3" [_thread_blocked, id=1748, stack(0x0000004cc6b00000,0x0000004cc6c00000)]
  0x000001c7de0b4800 JavaThread "Build operations Thread 4" [_thread_blocked, id=6728, stack(0x0000004cc6c00000,0x0000004cc6d00000)]
  0x000001c7de0c0800 JavaThread "Build operations Thread 5" [_thread_blocked, id=6936, stack(0x0000004cc6d00000,0x0000004cc6e00000)]
  0x000001c7de0bc000 JavaThread "Build operations Thread 6" [_thread_blocked, id=19796, stack(0x0000004cc6e00000,0x0000004cc6f00000)]
  0x000001c7de0bc800 JavaThread "Build operations Thread 7" [_thread_blocked, id=18656, stack(0x0000004cc6f00000,0x0000004cc7000000)]
  0x000001c7de0bb000 JavaThread "Build operations Thread 8" [_thread_blocked, id=1244, stack(0x0000004cc7000000,0x0000004cc7100000)]
  0x000001c7de0c0000 JavaThread "jar transforms Thread 2" [_thread_blocked, id=4728, stack(0x0000004cc7100000,0x0000004cc7200000)]
  0x000001c7de0bf000 JavaThread "jar transforms Thread 3" [_thread_blocked, id=16992, stack(0x0000004cc7200000,0x0000004cc7300000)]
  0x000001c7de0c1800 JavaThread "jar transforms Thread 4" [_thread_blocked, id=17592, stack(0x0000004cc7300000,0x0000004cc7400000)]
  0x000001c7de0c2800 JavaThread "jar transforms Thread 5" [_thread_blocked, id=18692, stack(0x0000004cc7400000,0x0000004cc7500000)]
  0x000001c7de0bd800 JavaThread "jar transforms Thread 6" [_thread_blocked, id=15616, stack(0x0000004cc7500000,0x0000004cc7600000)]
  0x000001c7de0be800 JavaThread "jar transforms Thread 7" [_thread_blocked, id=19100, stack(0x0000004cc7600000,0x0000004cc7700000)]
  0x000001c7df975000 JavaThread "jar transforms Thread 8" [_thread_blocked, id=144, stack(0x0000004cc7700000,0x0000004cc7800000)]
  0x000001c7df974800 JavaThread "jar transforms Thread 9" [_thread_blocked, id=20308, stack(0x0000004cc7800000,0x0000004cc7900000)]
  0x000001c7df977800 JavaThread "jar transforms Thread 10" [_thread_blocked, id=10028, stack(0x0000004cc7900000,0x0000004cc7a00000)]
  0x000001c7df97b000 JavaThread "jar transforms Thread 11" [_thread_blocked, id=13852, stack(0x0000004cc7a00000,0x0000004cc7b00000)]
  0x000001c7df979000 JavaThread "jar transforms Thread 12" [_thread_blocked, id=1424, stack(0x0000004cc7b00000,0x0000004cc7c00000)]
  0x000001c7df978800 JavaThread "jar transforms Thread 13" [_thread_blocked, id=11740, stack(0x0000004cc7c00000,0x0000004cc7d00000)]
  0x000001c7df976800 JavaThread "jar transforms Thread 14" [_thread_blocked, id=17156, stack(0x0000004cc7d00000,0x0000004cc7e00000)]
  0x000001c7df97a000 JavaThread "jar transforms Thread 15" [_thread_blocked, id=8956, stack(0x0000004cc7e00000,0x0000004cc7f00000)]
  0x000001c7df97b800 JavaThread "jar transforms Thread 16" [_thread_blocked, id=18544, stack(0x0000004cc7f00000,0x0000004cc8000000)]
  0x000001c7df976000 JavaThread "jar transforms Thread 17" [_thread_blocked, id=18424, stack(0x0000004cc8000000,0x0000004cc8100000)]
  0x000001c7df980800 JavaThread "jar transforms Thread 18" [_thread_blocked, id=19508, stack(0x0000004cc8100000,0x0000004cc8200000)]
  0x000001c7df97f000 JavaThread "jar transforms Thread 19" [_thread_blocked, id=6868, stack(0x0000004cc8200000,0x0000004cc8300000)]
  0x000001c7df97c800 JavaThread "jar transforms Thread 20" [_thread_blocked, id=17232, stack(0x0000004cc8300000,0x0000004cc8400000)]
  0x000001c7df981800 JavaThread "jar transforms Thread 21" [_thread_blocked, id=8316, stack(0x0000004cc8400000,0x0000004cc8500000)]
  0x000001c7df97d800 JavaThread "jar transforms Thread 22" [_thread_blocked, id=9180, stack(0x0000004cc8500000,0x0000004cc8600000)]
  0x000001c7df982000 JavaThread "jar transforms Thread 23" [_thread_blocked, id=18284, stack(0x0000004cc8600000,0x0000004cc8700000)]
  0x000001c7df983000 JavaThread "jar transforms Thread 24" [_thread_blocked, id=16608, stack(0x0000004cc8700000,0x0000004cc8800000)]
  0x000001c7df97e000 JavaThread "jar transforms Thread 25" [_thread_blocked, id=16264, stack(0x0000004cc8800000,0x0000004cc8900000)]
  0x000001c7df97f800 JavaThread "jar transforms Thread 26" [_thread_blocked, id=13224, stack(0x0000004cc8900000,0x0000004cc8a00000)]
  0x000001c7dd9ee800 JavaThread "jar transforms Thread 27" [_thread_blocked, id=8248, stack(0x0000004cc8a00000,0x0000004cc8b00000)]
  0x000001c7dd9f0000 JavaThread "jar transforms Thread 28" [_thread_blocked, id=18044, stack(0x0000004cc8b00000,0x0000004cc8c00000)]
  0x000001c7dd9ee000 JavaThread "jar transforms Thread 29" [_thread_blocked, id=17052, stack(0x0000004cc8c00000,0x0000004cc8d00000)]
  0x000001c7dd9f1000 JavaThread "jar transforms Thread 30" [_thread_blocked, id=15076, stack(0x0000004cc8d00000,0x0000004cc8e00000)]
  0x000001c7dd9ed000 JavaThread "jar transforms Thread 31" [_thread_blocked, id=13780, stack(0x0000004cc8e00000,0x0000004cc8f00000)]
  0x000001c7dd9eb800 JavaThread "jar transforms Thread 32" [_thread_blocked, id=19232, stack(0x0000004cc8f00000,0x0000004cc9000000)]
  0x000001c7dd9ef800 JavaThread "jar transforms Thread 33" [_thread_blocked, id=16404, stack(0x0000004cc9000000,0x0000004cc9100000)]
  0x000001c7dd9f2000 JavaThread "jar transforms Thread 34" [_thread_blocked, id=2200, stack(0x0000004cc9100000,0x0000004cc9200000)]
  0x000001c7dd9ec000 JavaThread "jar transforms Thread 35" [_thread_blocked, id=19648, stack(0x0000004cc9200000,0x0000004cc9300000)]
  0x000001c7dd9f7800 JavaThread "jar transforms Thread 36" [_thread_blocked, id=14016, stack(0x0000004cc9300000,0x0000004cc9400000)]
  0x000001c7dd9f8800 JavaThread "jar transforms Thread 37" [_thread_blocked, id=2248, stack(0x0000004cc9400000,0x0000004cc9500000)]
  0x000001c7dd9f2800 JavaThread "jar transforms Thread 38" [_thread_blocked, id=2992, stack(0x0000004cc9500000,0x0000004cc9600000)]
  0x000001c7dd9f7000 JavaThread "jar transforms Thread 39" [_thread_blocked, id=16904, stack(0x0000004cc9600000,0x0000004cc9700000)]
  0x000001c7dd9f4800 JavaThread "jar transforms Thread 40" [_thread_blocked, id=17552, stack(0x0000004cc9700000,0x0000004cc9800000)]
  0x000001c7dd9f9000 JavaThread "jar transforms Thread 41" [_thread_blocked, id=20456, stack(0x0000004cc9800000,0x0000004cc9900000)]
  0x000001c7dd9f6000 JavaThread "jar transforms Thread 42" [_thread_blocked, id=17568, stack(0x0000004cc9900000,0x0000004cc9a00000)]
  0x000001c7dd9f3800 JavaThread "jar transforms Thread 43" [_thread_blocked, id=3780, stack(0x0000004cc9a00000,0x0000004cc9b00000)]
  0x000001c7dd9fa000 JavaThread "jar transforms Thread 44" [_thread_blocked, id=6824, stack(0x0000004cc9b00000,0x0000004cc9c00000)]
  0x000001c7dd9f5000 JavaThread "jar transforms Thread 45" [_thread_blocked, id=6652, stack(0x0000004cc9c00000,0x0000004cc9d00000)]
  0x000001c7df998800 JavaThread "jar transforms Thread 46" [_thread_blocked, id=5428, stack(0x0000004cc9d00000,0x0000004cc9e00000)]
  0x000001c7df996800 JavaThread "jar transforms Thread 47" [_thread_blocked, id=2480, stack(0x0000004cc9e00000,0x0000004cc9f00000)]
  0x000001c7df99c000 JavaThread "jar transforms Thread 48" [_thread_blocked, id=11284, stack(0x0000004cc9f00000,0x0000004cca000000)]
  0x000001c7df999800 JavaThread "jar transforms Thread 49" [_thread_blocked, id=17600, stack(0x0000004cca000000,0x0000004cca100000)]
  0x000001c7df998000 JavaThread "jar transforms Thread 50" [_thread_blocked, id=15716, stack(0x0000004cca100000,0x0000004cca200000)]
  0x000001c7df99a800 JavaThread "jar transforms Thread 51" [_thread_blocked, id=13964, stack(0x0000004cca200000,0x0000004cca300000)]
  0x000001c7df99b000 JavaThread "jar transforms Thread 52" [_thread_blocked, id=13536, stack(0x0000004cca300000,0x0000004cca400000)]
  0x000001c7df99d000 JavaThread "jar transforms Thread 53" [_thread_blocked, id=11112, stack(0x0000004cca400000,0x0000004cca500000)]
  0x000001c7df997000 JavaThread "jar transforms Thread 54" [_thread_blocked, id=19284, stack(0x0000004cca500000,0x0000004cca600000)]
  0x000001c7df9a1800 JavaThread "jar transforms Thread 55" [_thread_blocked, id=18232, stack(0x0000004cca600000,0x0000004cca700000)]
  0x000001c7df9a3800 JavaThread "jar transforms Thread 56" [_thread_blocked, id=6784, stack(0x0000004cca700000,0x0000004cca800000)]
  0x000001c7df99f800 JavaThread "jar transforms Thread 57" [_thread_blocked, id=9564, stack(0x0000004cca800000,0x0000004cca900000)]
  0x000001c7df9a2800 JavaThread "jar transforms Thread 58" [_thread_blocked, id=19736, stack(0x0000004cca900000,0x0000004ccaa00000)]
  0x000001c7df99d800 JavaThread "jar transforms Thread 59" [_thread_blocked, id=20240, stack(0x0000004ccaa00000,0x0000004ccab00000)]
  0x000001c7df9a0000 JavaThread "jar transforms Thread 60" [_thread_blocked, id=13592, stack(0x0000004ccab00000,0x0000004ccac00000)]
  0x000001c7df99e800 JavaThread "jar transforms Thread 61" [_thread_blocked, id=844, stack(0x0000004ccac00000,0x0000004ccad00000)]
  0x000001c7df9a1000 JavaThread "jar transforms Thread 62" [_thread_blocked, id=7676, stack(0x0000004ccad00000,0x0000004ccae00000)]
  0x000001c7df9a4000 JavaThread "jar transforms Thread 63" [_thread_blocked, id=6944, stack(0x0000004ccae00000,0x0000004ccaf00000)]
  0x000001c7df9a5000 JavaThread "jar transforms Thread 64" [_thread_blocked, id=6412, stack(0x0000004ccaf00000,0x0000004ccb000000)]
  0x000001c7e1879800 JavaThread "jar transforms Thread 65" [_thread_blocked, id=18388, stack(0x0000004ccb000000,0x0000004ccb100000)]
  0x000001c7e187a000 JavaThread "jar transforms Thread 66" [_thread_blocked, id=5328, stack(0x0000004ccb100000,0x0000004ccb200000)]
  0x000001c7e1878800 JavaThread "jar transforms Thread 67" [_thread_blocked, id=9932, stack(0x0000004ccb200000,0x0000004ccb300000)]
  0x000001c7e1878000 JavaThread "jar transforms Thread 68" [_thread_blocked, id=19684, stack(0x0000004ccb300000,0x0000004ccb400000)]
  0x000001c7e187b000 JavaThread "jar transforms Thread 69" [_thread_blocked, id=17872, stack(0x0000004ccb400000,0x0000004ccb500000)]
  0x000001c7e1875800 JavaThread "jar transforms Thread 70" [_thread_blocked, id=9164, stack(0x0000004ccb500000,0x0000004ccb600000)]
  0x000001c7e187c000 JavaThread "jar transforms Thread 71" [_thread_blocked, id=9628, stack(0x0000004ccb600000,0x0000004ccb700000)]
  0x000001c7e1876000 JavaThread "jar transforms Thread 72" [_thread_blocked, id=9936, stack(0x0000004ccb700000,0x0000004ccb800000)]
  0x000001c7e187c800 JavaThread "jar transforms Thread 73" [_thread_blocked, id=20124, stack(0x0000004ccb800000,0x0000004ccb900000)]
  0x000001c7e1877000 JavaThread "jar transforms Thread 74" [_thread_blocked, id=17040, stack(0x0000004ccb900000,0x0000004ccba00000)]
  0x000001c7e1881800 JavaThread "jar transforms Thread 75" [_thread_blocked, id=18888, stack(0x0000004ccba00000,0x0000004ccbb00000)]
  0x000001c7e1882800 JavaThread "jar transforms Thread 76" [_thread_blocked, id=4972, stack(0x0000004ccbb00000,0x0000004ccbc00000)]
  0x000001c7e1883000 JavaThread "jar transforms Thread 77" [_thread_blocked, id=3876, stack(0x0000004ccbc00000,0x0000004ccbd00000)]
  0x000001c7e187d800 JavaThread "jar transforms Thread 78" [_thread_blocked, id=10908, stack(0x0000004ccbd00000,0x0000004ccbe00000)]
  0x000001c7e1880000 JavaThread "jar transforms Thread 79" [_thread_blocked, id=12036, stack(0x0000004ccbe00000,0x0000004ccbf00000)]
  0x000001c7e187e800 JavaThread "jar transforms Thread 80" [_thread_blocked, id=20384, stack(0x0000004ccbf00000,0x0000004ccc000000)]
  0x000001c7e1881000 JavaThread "jar transforms Thread 81" [_thread_blocked, id=9984, stack(0x0000004ccc000000,0x0000004ccc100000)]
  0x000001c7e1884000 JavaThread "jar transforms Thread 82" [_thread_blocked, id=12184, stack(0x0000004ccc100000,0x0000004ccc200000)]
  0x000001c7e187f000 JavaThread "jar transforms Thread 83" [_thread_blocked, id=4564, stack(0x0000004ccc200000,0x0000004ccc300000)]
  0x000001c7e183b000 JavaThread "jar transforms Thread 84" [_thread_blocked, id=7796, stack(0x0000004ccc300000,0x0000004ccc400000)]
  0x000001c7e1837800 JavaThread "jar transforms Thread 85" [_thread_blocked, id=20048, stack(0x0000004ccc400000,0x0000004ccc500000)]
  0x000001c7e183a000 JavaThread "jar transforms Thread 86" [_thread_blocked, id=5436, stack(0x0000004ccc500000,0x0000004ccc600000)]
  0x000001c7e1838800 JavaThread "jar transforms Thread 87" [_thread_blocked, id=6376, stack(0x0000004ccc600000,0x0000004ccc700000)]
  0x000001c7e1839800 JavaThread "jar transforms Thread 88" [_thread_blocked, id=17576, stack(0x0000004ccc700000,0x0000004ccc800000)]
  0x000001c7e183b800 JavaThread "jar transforms Thread 89" [_thread_blocked, id=7692, stack(0x0000004ccc800000,0x0000004ccc900000)]
  0x000001c7e1836000 JavaThread "jar transforms Thread 90" [_thread_blocked, id=16316, stack(0x0000004ccc900000,0x0000004ccca00000)]
  0x000001c7e183c800 JavaThread "jar transforms Thread 91" [_thread_blocked, id=19468, stack(0x0000004ccca00000,0x0000004cccb00000)]
  0x000001c7e1837000 JavaThread "jar transforms Thread 92" [_thread_blocked, id=17216, stack(0x0000004cccb00000,0x0000004cccc00000)]
  0x000001c7e1842000 JavaThread "jar transforms Thread 93" [_thread_blocked, id=18672, stack(0x0000004cccc00000,0x0000004cccd00000)]
  0x000001c7e183f000 JavaThread "jar transforms Thread 94" [_thread_blocked, id=7208, stack(0x0000004cccd00000,0x0000004ccce00000)]
  0x000001c7e183e000 JavaThread "jar transforms Thread 95" [_thread_blocked, id=17324, stack(0x0000004ccce00000,0x0000004cccf00000)]
  0x000001c7e1843000 JavaThread "jar transforms Thread 96" [_thread_blocked, id=18744, stack(0x0000004cccf00000,0x0000004ccd000000)]
  0x000001c7e183d800 JavaThread "jar transforms Thread 97" [_thread_blocked, id=2084, stack(0x0000004ccd000000,0x0000004ccd100000)]
  0x000001c7e1840000 JavaThread "jar transforms Thread 98" [_thread_blocked, id=6204, stack(0x0000004ccd100000,0x0000004ccd200000)]
  0x000001c7e1844000 JavaThread "jar transforms Thread 99" [_thread_blocked, id=15124, stack(0x0000004ccd200000,0x0000004ccd300000)]
  0x000001c7e1840800 JavaThread "jar transforms Thread 100" [_thread_blocked, id=4988, stack(0x0000004ccd300000,0x0000004ccd400000)]
  0x000001c7e1841800 JavaThread "jar transforms Thread 101" [_thread_blocked, id=2296, stack(0x0000004ccd400000,0x0000004ccd500000)]
  0x000001c7e1844800 JavaThread "jar transforms Thread 102" [_thread_blocked, id=14652, stack(0x0000004ccd500000,0x0000004ccd600000)]
  0x000001c7e02de800 JavaThread "jar transforms Thread 103" [_thread_blocked, id=16924, stack(0x0000004ccd600000,0x0000004ccd700000)]
  0x000001c7e02e2000 JavaThread "jar transforms Thread 104" [_thread_blocked, id=2912, stack(0x0000004ccd700000,0x0000004ccd800000)]
  0x000001c7e02dd800 JavaThread "jar transforms Thread 105" [_thread_blocked, id=18184, stack(0x0000004ccd800000,0x0000004ccd900000)]
  0x000001c7e02e0000 JavaThread "jar transforms Thread 106" [_thread_blocked, id=20004, stack(0x0000004ccd900000,0x0000004ccda00000)]
  0x000001c7e02df800 JavaThread "jar transforms Thread 107" [_thread_blocked, id=13732, stack(0x0000004ccda00000,0x0000004ccdb00000)]
  0x000001c7e02e2800 JavaThread "jar transforms Thread 108" [_thread_blocked, id=6672, stack(0x0000004ccdb00000,0x0000004ccdc00000)]
  0x000001c7e02dd000 JavaThread "jar transforms Thread 109" [_thread_blocked, id=13368, stack(0x0000004ccdc00000,0x0000004ccdd00000)]
  0x000001c7e02e5000 JavaThread "jar transforms Thread 110" [_thread_blocked, id=2348, stack(0x0000004ccdd00000,0x0000004ccde00000)]
  0x000001c7e02e6000 JavaThread "jar transforms Thread 111" [_thread_blocked, id=13444, stack(0x0000004ccde00000,0x0000004ccdf00000)]
  0x000001c7e02e1000 JavaThread "jar transforms Thread 112" [_thread_blocked, id=18884, stack(0x0000004ccdf00000,0x0000004cce000000)]
  0x000001c7e02e8800 JavaThread "jar transforms Thread 113" [_thread_blocked, id=12692, stack(0x0000004cce000000,0x0000004cce100000)]
  0x000001c7e02e6800 JavaThread "jar transforms Thread 114" [_thread_blocked, id=17820, stack(0x0000004cce100000,0x0000004cce200000)]
  0x000001c7e02e7800 JavaThread "jar transforms Thread 115" [_thread_blocked, id=20396, stack(0x0000004cce200000,0x0000004cce300000)]
  0x000001c7e02e9000 JavaThread "jar transforms Thread 116" [_thread_blocked, id=7476, stack(0x0000004cce300000,0x0000004cce400000)]
  0x000001c7e02e3800 JavaThread "Memory manager" [_thread_blocked, id=6352, stack(0x0000004cce400000,0x0000004cce500000)]
  0x000001c7e02ea000 JavaThread "build event listener" [_thread_blocked, id=452, stack(0x0000004cce500000,0x0000004cce600000)]
  0x000001c7e02ea800 JavaThread "Execution worker for ':'" [_thread_blocked, id=17016, stack(0x0000004cce600000,0x0000004cce700000)]
  0x000001c7e02eb800 JavaThread "Execution worker for ':' Thread 2" [_thread_blocked, id=19888, stack(0x0000004cce700000,0x0000004cce800000)]
  0x000001c7e60a8000 JavaThread "Execution worker for ':' Thread 3" [_thread_blocked, id=19060, stack(0x0000004cce800000,0x0000004cce900000)]
  0x000001c7e60ad000 JavaThread "Execution worker for ':' Thread 4" [_thread_blocked, id=18056, stack(0x0000004cce900000,0x0000004ccea00000)]
  0x000001c7e60ab800 JavaThread "Execution worker for ':' Thread 5" [_thread_blocked, id=16508, stack(0x0000004ccea00000,0x0000004cceb00000)]
  0x000001c7e60a7800 JavaThread "Execution worker for ':' Thread 6" [_thread_blocked, id=18192, stack(0x0000004cceb00000,0x0000004ccec00000)]
  0x000001c7e60ac800 JavaThread "Execution worker for ':' Thread 7" [_thread_blocked, id=10636, stack(0x0000004ccec00000,0x0000004cced00000)]
  0x000001c7e60ae000 JavaThread "Cache worker for execution history cache (C:\Users\Acer\Documents\FlutterWS\mytutor\android\.gradle\6.7\executionHistory)" [_thread_blocked, id=13644, stack(0x0000004cced00000,0x0000004ccee00000)]
  0x000001c7e60ae800 JavaThread "Exec process" [_thread_in_native, id=15016, stack(0x0000004ccee00000,0x0000004ccef00000)]
  0x000001c7e60a9000 JavaThread "Exec process Thread 2" [_thread_in_native, id=4440, stack(0x0000004ccef00000,0x0000004ccf000000)]
  0x000001c7e60af800 JavaThread "Exec process Thread 3" [_thread_in_native, id=19544, stack(0x0000004ccf000000,0x0000004ccf100000)]

Other Threads:
  0x000001c7dadc7000 VMThread "VM Thread" [stack: 0x0000004cc3f00000,0x0000004cc4000000] [id=12152]
  0x000001c7db8e4000 WatcherThread [stack: 0x0000004cc4900000,0x0000004cc4a00000] [id=18992]
  0x000001c7bfb1e000 GCTaskThread "GC Thread#0" [stack: 0x0000004cc3a00000,0x0000004cc3b00000] [id=5596]
  0x000001c7dbb4e000 GCTaskThread "GC Thread#1" [stack: 0x0000004cc4a00000,0x0000004cc4b00000] [id=7408]
  0x000001c7dd50d000 GCTaskThread "GC Thread#2" [stack: 0x0000004cc5700000,0x0000004cc5800000] [id=8060]
  0x000001c7dd467000 GCTaskThread "GC Thread#3" [stack: 0x0000004cc5800000,0x0000004cc5900000] [id=15972]
  0x000001c7dd467800 GCTaskThread "GC Thread#4" [stack: 0x0000004cc5900000,0x0000004cc5a00000] [id=13672]
  0x000001c7dd3ff000 GCTaskThread "GC Thread#5" [stack: 0x0000004cc5a00000,0x0000004cc5b00000] [id=396]
  0x000001c7dd468800 GCTaskThread "GC Thread#6" [stack: 0x0000004cc5b00000,0x0000004cc5c00000] [id=8272]
  0x000001c7dcac7800 GCTaskThread "GC Thread#7" [stack: 0x0000004cc5c00000,0x0000004cc5d00000] [id=9244]
  0x000001c7c1cde800 ConcurrentGCThread "G1 Main Marker" [stack: 0x0000004cc3b00000,0x0000004cc3c00000] [id=14432]
  0x000001c7c1ce0000 ConcurrentGCThread "G1 Conc#0" [stack: 0x0000004cc3c00000,0x0000004cc3d00000] [id=2332]
  0x000001c7ddb06800 ConcurrentGCThread "G1 Conc#1" [stack: 0x0000004cc6000000,0x0000004cc6100000] [id=17744]
  0x000001c7c1d49800 ConcurrentGCThread "G1 Refine#0" [stack: 0x0000004cc3d00000,0x0000004cc3e00000] [id=5628]
  0x000001c7c1d4a800 ConcurrentGCThread "G1 Young RemSet Sampling" [stack: 0x0000004cc3e00000,0x0000004cc3f00000] [id=7552]

Threads with active compile tasks:
C2 CompilerThread0  28343 10415       4       java.util.ComparableTimSort::binarySort (223 bytes)

VM state:not at safepoint (normal execution)

VM Mutex/Monitor currently owned by a thread: None

Heap address: 0x00000000a0000000, size: 1536 MB, Compressed Oops mode: 32-bit
Narrow klass base: 0x0000000000000000, Narrow klass shift: 3
Compressed class space size: 1073741824 Address: 0x0000000100000000

Heap:
 garbage-first heap   total 206848K, used 144066K [0x00000000a0000000, 0x0000000100000000)
  region size 1024K, 35 young (35840K), 4 survivors (4096K)
 Metaspace       used 82441K, capacity 85859K, committed 86016K, reserved 1124352K
  class space    used 10829K, capacity 11936K, committed 12032K, reserved 1048576K
Heap Regions: E=young(eden), S=young(survivor), O=old, HS=humongous(starts), HC=humongous(continues), CS=collection set, F=free, A=archive, TAMS=top-at-mark-start (previous, next)
|   0|0x00000000a0000000, 0x00000000a0100000, 0x00000000a0100000|100%| O|  |TAMS 0x00000000a0100000, 0x00000000a0000000| Untracked 
|   1|0x00000000a0100000, 0x00000000a0200000, 0x00000000a0200000|100%| O|  |TAMS 0x00000000a0200000, 0x00000000a0100000| Untracked 
|   2|0x00000000a0200000, 0x00000000a0300000, 0x00000000a0300000|100%| O|  |TAMS 0x00000000a0300000, 0x00000000a0200000| Untracked 
|   3|0x00000000a0300000, 0x00000000a0400000, 0x00000000a0400000|100%|HS|  |TAMS 0x00000000a0400000, 0x00000000a0300000| Complete 
|   4|0x00000000a0400000, 0x00000000a0500000, 0x00000000a0500000|100%|HC|  |TAMS 0x00000000a0500000, 0x00000000a0400000| Complete 
|   5|0x00000000a0500000, 0x00000000a0600000, 0x00000000a0600000|100%|HC|  |TAMS 0x00000000a0600000, 0x00000000a0500000| Complete 
|   6|0x00000000a0600000, 0x00000000a0700000, 0x00000000a0700000|100%| O|  |TAMS 0x00000000a0700000, 0x00000000a0600000| Untracked 
|   7|0x00000000a0700000, 0x00000000a0800000, 0x00000000a0800000|100%| O|  |TAMS 0x00000000a0800000, 0x00000000a0700000| Untracked 
|   8|0x00000000a0800000, 0x00000000a0900000, 0x00000000a0900000|100%| O|  |TAMS 0x00000000a0900000, 0x00000000a0800000| Untracked 
|   9|0x00000000a0900000, 0x00000000a0a00000, 0x00000000a0a00000|100%| O|  |TAMS 0x00000000a0a00000, 0x00000000a0900000| Untracked 
|  10|0x00000000a0a00000, 0x00000000a0b00000, 0x00000000a0b00000|100%| O|  |TAMS 0x00000000a0b00000, 0x00000000a0a00000| Untracked 
|  11|0x00000000a0b00000, 0x00000000a0c00000, 0x00000000a0c00000|100%| O|  |TAMS 0x00000000a0c00000, 0x00000000a0b00000| Untracked 
|  12|0x00000000a0c00000, 0x00000000a0d00000, 0x00000000a0d00000|100%| O|  |TAMS 0x00000000a0d00000, 0x00000000a0c00000| Untracked 
|  13|0x00000000a0d00000, 0x00000000a0e00000, 0x00000000a0e00000|100%| O|  |TAMS 0x00000000a0e00000, 0x00000000a0d00000| Untracked 
|  14|0x00000000a0e00000, 0x00000000a0f00000, 0x00000000a0f00000|100%| O|  |TAMS 0x00000000a0f00000, 0x00000000a0e00000| Untracked 
|  15|0x00000000a0f00000, 0x00000000a1000000, 0x00000000a1000000|100%| O|  |TAMS 0x00000000a1000000, 0x00000000a0f00000| Untracked 
|  16|0x00000000a1000000, 0x00000000a1100000, 0x00000000a1100000|100%| O|  |TAMS 0x00000000a1100000, 0x00000000a1000000| Untracked 
|  17|0x00000000a1100000, 0x00000000a1200000, 0x00000000a1200000|100%| O|  |TAMS 0x00000000a1200000, 0x00000000a1100000| Untracked 
|  18|0x00000000a1200000, 0x00000000a1300000, 0x00000000a1300000|100%| O|  |TAMS 0x00000000a1300000, 0x00000000a1200000| Untracked 
|  19|0x00000000a1300000, 0x00000000a1400000, 0x00000000a1400000|100%| O|  |TAMS 0x00000000a1400000, 0x00000000a1300000| Untracked 
|  20|0x00000000a1400000, 0x00000000a1500000, 0x00000000a1500000|100%| O|  |TAMS 0x00000000a1500000, 0x00000000a1400000| Untracked 
|  21|0x00000000a1500000, 0x00000000a1600000, 0x00000000a1600000|100%| O|  |TAMS 0x00000000a1600000, 0x00000000a1500000| Untracked 
|  22|0x00000000a1600000, 0x00000000a1700000, 0x00000000a1700000|100%| O|  |TAMS 0x00000000a1700000, 0x00000000a1600000| Untracked 
|  23|0x00000000a1700000, 0x00000000a1800000, 0x00000000a1800000|100%| O|  |TAMS 0x00000000a1800000, 0x00000000a1700000| Untracked 
|  24|0x00000000a1800000, 0x00000000a1900000, 0x00000000a1900000|100%| O|  |TAMS 0x00000000a1900000, 0x00000000a1800000| Untracked 
|  25|0x00000000a1900000, 0x00000000a1a00000, 0x00000000a1a00000|100%| O|  |TAMS 0x00000000a1a00000, 0x00000000a1900000| Untracked 
|  26|0x00000000a1a00000, 0x00000000a1b00000, 0x00000000a1b00000|100%| O|  |TAMS 0x00000000a1b00000, 0x00000000a1a00000| Untracked 
|  27|0x00000000a1b00000, 0x00000000a1c00000, 0x00000000a1c00000|100%|HS|  |TAMS 0x00000000a1c00000, 0x00000000a1b00000| Complete 
|  28|0x00000000a1c00000, 0x00000000a1d00000, 0x00000000a1d00000|100%|HS|  |TAMS 0x00000000a1d00000, 0x00000000a1c00000| Complete 
|  29|0x00000000a1d00000, 0x00000000a1e00000, 0x00000000a1e00000|100%| O|  |TAMS 0x00000000a1e00000, 0x00000000a1d00000| Untracked 
|  30|0x00000000a1e00000, 0x00000000a1f00000, 0x00000000a1f00000|100%| O|  |TAMS 0x00000000a1f00000, 0x00000000a1e00000| Untracked 
|  31|0x00000000a1f00000, 0x00000000a2000000, 0x00000000a2000000|100%|HS|  |TAMS 0x00000000a2000000, 0x00000000a1f00000| Complete 
|  32|0x00000000a2000000, 0x00000000a2100000, 0x00000000a2100000|100%|HC|  |TAMS 0x00000000a2100000, 0x00000000a2000000| Complete 
|  33|0x00000000a2100000, 0x00000000a2200000, 0x00000000a2200000|100%|HC|  |TAMS 0x00000000a2200000, 0x00000000a2100000| Complete 
|  34|0x00000000a2200000, 0x00000000a2300000, 0x00000000a2300000|100%| O|  |TAMS 0x00000000a2300000, 0x00000000a2200000| Untracked 
|  35|0x00000000a2300000, 0x00000000a2400000, 0x00000000a2400000|100%| O|  |TAMS 0x00000000a2400000, 0x00000000a2300000| Untracked 
|  36|0x00000000a2400000, 0x00000000a2500000, 0x00000000a2500000|100%| O|  |TAMS 0x00000000a2500000, 0x00000000a2400000| Untracked 
|  37|0x00000000a2500000, 0x00000000a2600000, 0x00000000a2600000|100%| O|  |TAMS 0x00000000a2600000, 0x00000000a2500000| Untracked 
|  38|0x00000000a2600000, 0x00000000a2700000, 0x00000000a2700000|100%|HS|  |TAMS 0x00000000a2700000, 0x00000000a2600000| Complete 
|  39|0x00000000a2700000, 0x00000000a2800000, 0x00000000a2800000|100%|HC|  |TAMS 0x00000000a2800000, 0x00000000a2700000| Complete 
|  40|0x00000000a2800000, 0x00000000a2900000, 0x00000000a2900000|100%| O|  |TAMS 0x00000000a2900000, 0x00000000a2800000| Untracked 
|  41|0x00000000a2900000, 0x00000000a2a00000, 0x00000000a2a00000|100%| O|  |TAMS 0x00000000a2a00000, 0x00000000a2900000| Untracked 
|  42|0x00000000a2a00000, 0x00000000a2b00000, 0x00000000a2b00000|100%| O|  |TAMS 0x00000000a2b00000, 0x00000000a2a00000| Untracked 
|  43|0x00000000a2b00000, 0x00000000a2c00000, 0x00000000a2c00000|100%| O|  |TAMS 0x00000000a2c00000, 0x00000000a2b00000| Untracked 
|  44|0x00000000a2c00000, 0x00000000a2d00000, 0x00000000a2d00000|100%| O|  |TAMS 0x00000000a2d00000, 0x00000000a2c00000| Untracked 
|  45|0x00000000a2d00000, 0x00000000a2e00000, 0x00000000a2e00000|100%| O|  |TAMS 0x00000000a2e00000, 0x00000000a2d00000| Untracked 
|  46|0x00000000a2e00000, 0x00000000a2f00000, 0x00000000a2f00000|100%| O|  |TAMS 0x00000000a2f00000, 0x00000000a2e00000| Untracked 
|  47|0x00000000a2f00000, 0x00000000a3000000, 0x00000000a3000000|100%| O|  |TAMS 0x00000000a3000000, 0x00000000a2f00000| Untracked 
|  48|0x00000000a3000000, 0x00000000a3100000, 0x00000000a3100000|100%| O|  |TAMS 0x00000000a3100000, 0x00000000a3000000| Untracked 
|  49|0x00000000a3100000, 0x00000000a3200000, 0x00000000a3200000|100%| O|  |TAMS 0x00000000a3200000, 0x00000000a3100000| Untracked 
|  50|0x00000000a3200000, 0x00000000a3300000, 0x00000000a3300000|100%| O|  |TAMS 0x00000000a3300000, 0x00000000a3200000| Untracked 
|  51|0x00000000a3300000, 0x00000000a3400000, 0x00000000a3400000|100%| O|  |TAMS 0x00000000a3400000, 0x00000000a3300000| Untracked 
|  52|0x00000000a3400000, 0x00000000a3500000, 0x00000000a3500000|100%| O|  |TAMS 0x00000000a3500000, 0x00000000a3400000| Untracked 
|  53|0x00000000a3500000, 0x00000000a3600000, 0x00000000a3600000|100%| O|  |TAMS 0x00000000a3600000, 0x00000000a3500000| Untracked 
|  54|0x00000000a3600000, 0x00000000a3700000, 0x00000000a3700000|100%| O|  |TAMS 0x00000000a3700000, 0x00000000a3600000| Untracked 
|  55|0x00000000a3700000, 0x00000000a3800000, 0x00000000a3800000|100%| O|  |TAMS 0x00000000a3800000, 0x00000000a3700000| Untracked 
|  56|0x00000000a3800000, 0x00000000a3900000, 0x00000000a3900000|100%| O|  |TAMS 0x00000000a3900000, 0x00000000a3800000| Untracked 
|  57|0x00000000a3900000, 0x00000000a3a00000, 0x00000000a3a00000|100%| O|  |TAMS 0x00000000a3a00000, 0x00000000a3900000| Untracked 
|  58|0x00000000a3a00000, 0x00000000a3b00000, 0x00000000a3b00000|100%| O|  |TAMS 0x00000000a3b00000, 0x00000000a3a00000| Untracked 
|  59|0x00000000a3b00000, 0x00000000a3c00000, 0x00000000a3c00000|100%| O|  |TAMS 0x00000000a3c00000, 0x00000000a3b00000| Untracked 
|  60|0x00000000a3c00000, 0x00000000a3d00000, 0x00000000a3d00000|100%| O|  |TAMS 0x00000000a3d00000, 0x00000000a3c00000| Untracked 
|  61|0x00000000a3d00000, 0x00000000a3e00000, 0x00000000a3e00000|100%| O|  |TAMS 0x00000000a3e00000, 0x00000000a3d00000| Untracked 
|  62|0x00000000a3e00000, 0x00000000a3f00000, 0x00000000a3f00000|100%| O|  |TAMS 0x00000000a3f00000, 0x00000000a3e00000| Untracked 
|  63|0x00000000a3f00000, 0x00000000a4000000, 0x00000000a4000000|100%| O|  |TAMS 0x00000000a4000000, 0x00000000a3f00000| Untracked 
|  64|0x00000000a4000000, 0x00000000a4100000, 0x00000000a4100000|100%| O|  |TAMS 0x00000000a4100000, 0x00000000a4000000| Untracked 
|  65|0x00000000a4100000, 0x00000000a4200000, 0x00000000a4200000|100%| O|  |TAMS 0x00000000a4200000, 0x00000000a4100000| Untracked 
|  66|0x00000000a4200000, 0x00000000a4300000, 0x00000000a4300000|100%| O|  |TAMS 0x00000000a4300000, 0x00000000a4200000| Untracked 
|  67|0x00000000a4300000, 0x00000000a4400000, 0x00000000a4400000|100%| O|  |TAMS 0x00000000a4400000, 0x00000000a4300000| Untracked 
|  68|0x00000000a4400000, 0x00000000a4500000, 0x00000000a4500000|100%| O|  |TAMS 0x00000000a4500000, 0x00000000a4400000| Untracked 
|  69|0x00000000a4500000, 0x00000000a4600000, 0x00000000a4600000|100%| O|  |TAMS 0x00000000a4600000, 0x00000000a4500000| Untracked 
|  70|0x00000000a4600000, 0x00000000a4700000, 0x00000000a4700000|100%| O|  |TAMS 0x00000000a4700000, 0x00000000a4600000| Untracked 
|  71|0x00000000a4700000, 0x00000000a4800000, 0x00000000a4800000|100%| O|  |TAMS 0x00000000a4800000, 0x00000000a4700000| Untracked 
|  72|0x00000000a4800000, 0x00000000a4900000, 0x00000000a4900000|100%| O|  |TAMS 0x00000000a4900000, 0x00000000a4800000| Untracked 
|  73|0x00000000a4900000, 0x00000000a4a00000, 0x00000000a4a00000|100%| O|  |TAMS 0x00000000a4a00000, 0x00000000a4900000| Untracked 
|  74|0x00000000a4a00000, 0x00000000a4b00000, 0x00000000a4b00000|100%| O|  |TAMS 0x00000000a4b00000, 0x00000000a4a00000| Untracked 
|  75|0x00000000a4b00000, 0x00000000a4c00000, 0x00000000a4c00000|100%| O|  |TAMS 0x00000000a4c00000, 0x00000000a4b00000| Untracked 
|  76|0x00000000a4c00000, 0x00000000a4d00000, 0x00000000a4d00000|100%| O|  |TAMS 0x00000000a4d00000, 0x00000000a4c00000| Untracked 
|  77|0x00000000a4d00000, 0x00000000a4e00000, 0x00000000a4e00000|100%| O|  |TAMS 0x00000000a4e00000, 0x00000000a4d00000| Untracked 
|  78|0x00000000a4e00000, 0x00000000a4f00000, 0x00000000a4f00000|100%| O|  |TAMS 0x00000000a4f00000, 0x00000000a4e00000| Untracked 
|  79|0x00000000a4f00000, 0x00000000a5000000, 0x00000000a5000000|100%| O|  |TAMS 0x00000000a5000000, 0x00000000a4f00000| Untracked 
|  80|0x00000000a5000000, 0x00000000a5100000, 0x00000000a5100000|100%| O|  |TAMS 0x00000000a5100000, 0x00000000a5000000| Untracked 
|  81|0x00000000a5100000, 0x00000000a5200000, 0x00000000a5200000|100%| O|  |TAMS 0x00000000a5200000, 0x00000000a5100000| Untracked 
|  82|0x00000000a5200000, 0x00000000a5300000, 0x00000000a5300000|100%|HS|  |TAMS 0x00000000a5300000, 0x00000000a5200000| Complete 
|  83|0x00000000a5300000, 0x00000000a5400000, 0x00000000a5400000|100%|HC|  |TAMS 0x00000000a5400000, 0x00000000a5300000| Complete 
|  84|0x00000000a5400000, 0x00000000a5500000, 0x00000000a5500000|100%|HC|  |TAMS 0x00000000a5500000, 0x00000000a5400000| Complete 
|  85|0x00000000a5500000, 0x00000000a5600000, 0x00000000a5600000|100%| O|  |TAMS 0x00000000a5600000, 0x00000000a5500000| Untracked 
|  86|0x00000000a5600000, 0x00000000a5700000, 0x00000000a5700000|100%| O|  |TAMS 0x00000000a5700000, 0x00000000a5600000| Untracked 
|  87|0x00000000a5700000, 0x00000000a5800000, 0x00000000a5800000|100%| O|  |TAMS 0x00000000a5800000, 0x00000000a5700000| Untracked 
|  88|0x00000000a5800000, 0x00000000a5900000, 0x00000000a5900000|100%| O|  |TAMS 0x00000000a5900000, 0x00000000a5800000| Untracked 
|  89|0x00000000a5900000, 0x00000000a5a00000, 0x00000000a5a00000|100%| O|  |TAMS 0x00000000a5a00000, 0x00000000a5900000| Untracked 
|  90|0x00000000a5a00000, 0x00000000a5b00000, 0x00000000a5b00000|100%| O|  |TAMS 0x00000000a5b00000, 0x00000000a5a00000| Untracked 
|  91|0x00000000a5b00000, 0x00000000a5c00000, 0x00000000a5c00000|100%| O|  |TAMS 0x00000000a5c00000, 0x00000000a5b00000| Untracked 
|  92|0x00000000a5c00000, 0x00000000a5d00000, 0x00000000a5d00000|100%| O|  |TAMS 0x00000000a5d00000, 0x00000000a5c00000| Untracked 
|  93|0x00000000a5d00000, 0x00000000a5e00000, 0x00000000a5e00000|100%| O|  |TAMS 0x00000000a5e00000, 0x00000000a5d00000| Untracked 
|  94|0x00000000a5e00000, 0x00000000a5f00000, 0x00000000a5f00000|100%| O|  |TAMS 0x00000000a5f00000, 0x00000000a5e00000| Untracked 
|  95|0x00000000a5f00000, 0x00000000a6000000, 0x00000000a6000000|100%| O|  |TAMS 0x00000000a6000000, 0x00000000a5f00000| Untracked 
|  96|0x00000000a6000000, 0x00000000a6100000, 0x00000000a6100000|100%| O|  |TAMS 0x00000000a6100000, 0x00000000a6000000| Untracked 
|  97|0x00000000a6100000, 0x00000000a6200000, 0x00000000a6200000|100%| O|  |TAMS 0x00000000a6200000, 0x00000000a6100000| Untracked 
|  98|0x00000000a6200000, 0x00000000a6300000, 0x00000000a6300000|100%| O|  |TAMS 0x00000000a6300000, 0x00000000a6200000| Untracked 
|  99|0x00000000a6300000, 0x00000000a6400000, 0x00000000a6400000|100%| O|  |TAMS 0x00000000a6400000, 0x00000000a6300000| Untracked 
| 100|0x00000000a6400000, 0x00000000a6500000, 0x00000000a6500000|100%| O|  |TAMS 0x00000000a6500000, 0x00000000a6400000| Untracked 
| 101|0x00000000a6500000, 0x00000000a6600000, 0x00000000a6600000|100%| O|  |TAMS 0x00000000a6600000, 0x00000000a6500000| Untracked 
| 102|0x00000000a6600000, 0x00000000a6700000, 0x00000000a6700000|100%| O|  |TAMS 0x00000000a6700000, 0x00000000a6600000| Untracked 
| 103|0x00000000a6700000, 0x00000000a6800000, 0x00000000a6800000|100%| O|  |TAMS 0x00000000a6800000, 0x00000000a6700000| Untracked 
| 104|0x00000000a6800000, 0x00000000a6900000, 0x00000000a6900000|100%| O|  |TAMS 0x00000000a6900000, 0x00000000a6800000| Untracked 
| 105|0x00000000a6900000, 0x00000000a6a00000, 0x00000000a6a00000|100%| O|  |TAMS 0x00000000a6a00000, 0x00000000a6900000| Untracked 
| 106|0x00000000a6a00000, 0x00000000a6ab4200, 0x00000000a6b00000| 70%| O|  |TAMS 0x00000000a6ab4200, 0x00000000a6a00000| Untracked 
| 107|0x00000000a6b00000, 0x00000000a6b00000, 0x00000000a6c00000|  0%| F|  |TAMS 0x00000000a6b00000, 0x00000000a6b00000| Untracked 
| 108|0x00000000a6c00000, 0x00000000a6c00000, 0x00000000a6d00000|  0%| F|  |TAMS 0x00000000a6c00000, 0x00000000a6c00000| Untracked 
| 109|0x00000000a6d00000, 0x00000000a6d00000, 0x00000000a6e00000|  0%| F|  |TAMS 0x00000000a6d00000, 0x00000000a6d00000| Untracked 
| 110|0x00000000a6e00000, 0x00000000a6e00000, 0x00000000a6f00000|  0%| F|  |TAMS 0x00000000a6e00000, 0x00000000a6e00000| Untracked 
| 111|0x00000000a6f00000, 0x00000000a6f00000, 0x00000000a7000000|  0%| F|  |TAMS 0x00000000a6f00000, 0x00000000a6f00000| Untracked 
| 112|0x00000000a7000000, 0x00000000a7000000, 0x00000000a7100000|  0%| F|  |TAMS 0x00000000a7000000, 0x00000000a7000000| Untracked 
| 113|0x00000000a7100000, 0x00000000a7100000, 0x00000000a7200000|  0%| F|  |TAMS 0x00000000a7100000, 0x00000000a7100000| Untracked 
| 114|0x00000000a7200000, 0x00000000a7200000, 0x00000000a7300000|  0%| F|  |TAMS 0x00000000a7200000, 0x00000000a7200000| Untracked 
| 115|0x00000000a7300000, 0x00000000a7300000, 0x00000000a7400000|  0%| F|  |TAMS 0x00000000a7300000, 0x00000000a7300000| Untracked 
| 116|0x00000000a7400000, 0x00000000a7400000, 0x00000000a7500000|  0%| F|  |TAMS 0x00000000a7400000, 0x00000000a7400000| Untracked 
| 117|0x00000000a7500000, 0x00000000a7500000, 0x00000000a7600000|  0%| F|  |TAMS 0x00000000a7500000, 0x00000000a7500000| Untracked 
| 118|0x00000000a7600000, 0x00000000a7600000, 0x00000000a7700000|  0%| F|  |TAMS 0x00000000a7600000, 0x00000000a7600000| Untracked 
| 119|0x00000000a7700000, 0x00000000a7700000, 0x00000000a7800000|  0%| F|  |TAMS 0x00000000a7700000, 0x00000000a7700000| Untracked 
| 120|0x00000000a7800000, 0x00000000a7800000, 0x00000000a7900000|  0%| F|  |TAMS 0x00000000a7800000, 0x00000000a7800000| Untracked 
| 121|0x00000000a7900000, 0x00000000a7900000, 0x00000000a7a00000|  0%| F|  |TAMS 0x00000000a7900000, 0x00000000a7900000| Untracked 
| 122|0x00000000a7a00000, 0x00000000a7a00000, 0x00000000a7b00000|  0%| F|  |TAMS 0x00000000a7a00000, 0x00000000a7a00000| Untracked 
| 123|0x00000000a7b00000, 0x00000000a7b00000, 0x00000000a7c00000|  0%| F|  |TAMS 0x00000000a7b00000, 0x00000000a7b00000| Untracked 
| 124|0x00000000a7c00000, 0x00000000a7c00000, 0x00000000a7d00000|  0%| F|  |TAMS 0x00000000a7c00000, 0x00000000a7c00000| Untracked 
| 125|0x00000000a7d00000, 0x00000000a7d00000, 0x00000000a7e00000|  0%| F|  |TAMS 0x00000000a7d00000, 0x00000000a7d00000| Untracked 
| 126|0x00000000a7e00000, 0x00000000a7e00000, 0x00000000a7f00000|  0%| F|  |TAMS 0x00000000a7e00000, 0x00000000a7e00000| Untracked 
| 127|0x00000000a7f00000, 0x00000000a7f00000, 0x00000000a8000000|  0%| F|  |TAMS 0x00000000a7f00000, 0x00000000a7f00000| Untracked 
| 128|0x00000000a8000000, 0x00000000a8000000, 0x00000000a8100000|  0%| F|  |TAMS 0x00000000a8000000, 0x00000000a8000000| Untracked 
| 129|0x00000000a8100000, 0x00000000a8100000, 0x00000000a8200000|  0%| F|  |TAMS 0x00000000a8100000, 0x00000000a8100000| Untracked 
| 130|0x00000000a8200000, 0x00000000a8200000, 0x00000000a8300000|  0%| F|  |TAMS 0x00000000a8200000, 0x00000000a8200000| Untracked 
| 131|0x00000000a8300000, 0x00000000a8300000, 0x00000000a8400000|  0%| F|  |TAMS 0x00000000a8300000, 0x00000000a8300000| Untracked 
| 132|0x00000000a8400000, 0x00000000a8400000, 0x00000000a8500000|  0%| F|  |TAMS 0x00000000a8400000, 0x00000000a8400000| Untracked 
| 133|0x00000000a8500000, 0x00000000a8500000, 0x00000000a8600000|  0%| F|  |TAMS 0x00000000a8500000, 0x00000000a8500000| Untracked 
| 134|0x00000000a8600000, 0x00000000a8600000, 0x00000000a8700000|  0%| F|  |TAMS 0x00000000a8600000, 0x00000000a8600000| Untracked 
| 135|0x00000000a8700000, 0x00000000a87fc7e0, 0x00000000a8800000| 98%| S|CS|TAMS 0x00000000a8700000, 0x00000000a8700000| Complete 
| 136|0x00000000a8800000, 0x00000000a8900000, 0x00000000a8900000|100%| S|CS|TAMS 0x00000000a8800000, 0x00000000a8800000| Complete 
| 137|0x00000000a8900000, 0x00000000a8a00000, 0x00000000a8a00000|100%| S|CS|TAMS 0x00000000a8900000, 0x00000000a8900000| Complete 
| 138|0x00000000a8a00000, 0x00000000a8b00000, 0x00000000a8b00000|100%| S|CS|TAMS 0x00000000a8a00000, 0x00000000a8a00000| Complete 
| 139|0x00000000a8b00000, 0x00000000a8b00000, 0x00000000a8c00000|  0%| F|  |TAMS 0x00000000a8b00000, 0x00000000a8b00000| Untracked 
| 140|0x00000000a8c00000, 0x00000000a8c00000, 0x00000000a8d00000|  0%| F|  |TAMS 0x00000000a8c00000, 0x00000000a8c00000| Untracked 
| 141|0x00000000a8d00000, 0x00000000a8d00000, 0x00000000a8e00000|  0%| F|  |TAMS 0x00000000a8d00000, 0x00000000a8d00000| Untracked 
| 142|0x00000000a8e00000, 0x00000000a8e00000, 0x00000000a8f00000|  0%| F|  |TAMS 0x00000000a8e00000, 0x00000000a8e00000| Untracked 
| 143|0x00000000a8f00000, 0x00000000a8f00000, 0x00000000a9000000|  0%| F|  |TAMS 0x00000000a8f00000, 0x00000000a8f00000| Untracked 
| 144|0x00000000a9000000, 0x00000000a9000000, 0x00000000a9100000|  0%| F|  |TAMS 0x00000000a9000000, 0x00000000a9000000| Untracked 
| 145|0x00000000a9100000, 0x00000000a9100000, 0x00000000a9200000|  0%| F|  |TAMS 0x00000000a9100000, 0x00000000a9100000| Untracked 
| 146|0x00000000a9200000, 0x00000000a9200000, 0x00000000a9300000|  0%| F|  |TAMS 0x00000000a9200000, 0x00000000a9200000| Untracked 
| 147|0x00000000a9300000, 0x00000000a9300000, 0x00000000a9400000|  0%| F|  |TAMS 0x00000000a9300000, 0x00000000a9300000| Untracked 
| 148|0x00000000a9400000, 0x00000000a9400000, 0x00000000a9500000|  0%| F|  |TAMS 0x00000000a9400000, 0x00000000a9400000| Untracked 
| 149|0x00000000a9500000, 0x00000000a9500000, 0x00000000a9600000|  0%| F|  |TAMS 0x00000000a9500000, 0x00000000a9500000| Untracked 
| 150|0x00000000a9600000, 0x00000000a9600000, 0x00000000a9700000|  0%| F|  |TAMS 0x00000000a9600000, 0x00000000a9600000| Untracked 
| 151|0x00000000a9700000, 0x00000000a9700000, 0x00000000a9800000|  0%| F|  |TAMS 0x00000000a9700000, 0x00000000a9700000| Untracked 
| 152|0x00000000a9800000, 0x00000000a9800000, 0x00000000a9900000|  0%| F|  |TAMS 0x00000000a9800000, 0x00000000a9800000| Untracked 
| 153|0x00000000a9900000, 0x00000000a9900000, 0x00000000a9a00000|  0%| F|  |TAMS 0x00000000a9900000, 0x00000000a9900000| Untracked 
| 154|0x00000000a9a00000, 0x00000000a9a00000, 0x00000000a9b00000|  0%| F|  |TAMS 0x00000000a9a00000, 0x00000000a9a00000| Untracked 
| 155|0x00000000a9b00000, 0x00000000a9b00000, 0x00000000a9c00000|  0%| F|  |TAMS 0x00000000a9b00000, 0x00000000a9b00000| Untracked 
| 156|0x00000000a9c00000, 0x00000000a9c00000, 0x00000000a9d00000|  0%| F|  |TAMS 0x00000000a9c00000, 0x00000000a9c00000| Untracked 
| 157|0x00000000a9d00000, 0x00000000a9d00000, 0x00000000a9e00000|  0%| F|  |TAMS 0x00000000a9d00000, 0x00000000a9d00000| Untracked 
| 158|0x00000000a9e00000, 0x00000000a9e00000, 0x00000000a9f00000|  0%| F|  |TAMS 0x00000000a9e00000, 0x00000000a9e00000| Untracked 
| 159|0x00000000a9f00000, 0x00000000a9f00000, 0x00000000aa000000|  0%| F|  |TAMS 0x00000000a9f00000, 0x00000000a9f00000| Untracked 
| 160|0x00000000aa000000, 0x00000000aa000000, 0x00000000aa100000|  0%| F|  |TAMS 0x00000000aa000000, 0x00000000aa000000| Untracked 
| 161|0x00000000aa100000, 0x00000000aa100000, 0x00000000aa200000|  0%| F|  |TAMS 0x00000000aa100000, 0x00000000aa100000| Untracked 
| 162|0x00000000aa200000, 0x00000000aa200000, 0x00000000aa300000|  0%| F|  |TAMS 0x00000000aa200000, 0x00000000aa200000| Untracked 
| 163|0x00000000aa300000, 0x00000000aa300000, 0x00000000aa400000|  0%| F|  |TAMS 0x00000000aa300000, 0x00000000aa300000| Untracked 
| 164|0x00000000aa400000, 0x00000000aa400000, 0x00000000aa500000|  0%| F|  |TAMS 0x00000000aa400000, 0x00000000aa400000| Untracked 
| 165|0x00000000aa500000, 0x00000000aa500000, 0x00000000aa600000|  0%| F|  |TAMS 0x00000000aa500000, 0x00000000aa500000| Untracked 
| 166|0x00000000aa600000, 0x00000000aa600000, 0x00000000aa700000|  0%| F|  |TAMS 0x00000000aa600000, 0x00000000aa600000| Untracked 
| 167|0x00000000aa700000, 0x00000000aa700000, 0x00000000aa800000|  0%| F|  |TAMS 0x00000000aa700000, 0x00000000aa700000| Untracked 
| 168|0x00000000aa800000, 0x00000000aa800000, 0x00000000aa900000|  0%| F|  |TAMS 0x00000000aa800000, 0x00000000aa800000| Untracked 
| 169|0x00000000aa900000, 0x00000000aa900000, 0x00000000aaa00000|  0%| F|  |TAMS 0x00000000aa900000, 0x00000000aa900000| Untracked 
| 170|0x00000000aaa00000, 0x00000000aaa00000, 0x00000000aab00000|  0%| F|  |TAMS 0x00000000aaa00000, 0x00000000aaa00000| Untracked 
| 171|0x00000000aab00000, 0x00000000aab10f70, 0x00000000aac00000|  6%| E|  |TAMS 0x00000000aab00000, 0x00000000aab00000| Complete 
| 172|0x00000000aac00000, 0x00000000aad00000, 0x00000000aad00000|100%| E|CS|TAMS 0x00000000aac00000, 0x00000000aac00000| Complete 
| 173|0x00000000aad00000, 0x00000000aae00000, 0x00000000aae00000|100%| E|CS|TAMS 0x00000000aad00000, 0x00000000aad00000| Complete 
| 174|0x00000000aae00000, 0x00000000aaf00000, 0x00000000aaf00000|100%| E|CS|TAMS 0x00000000aae00000, 0x00000000aae00000| Complete 
| 175|0x00000000aaf00000, 0x00000000ab000000, 0x00000000ab000000|100%| E|CS|TAMS 0x00000000aaf00000, 0x00000000aaf00000| Complete 
| 176|0x00000000ab000000, 0x00000000ab100000, 0x00000000ab100000|100%| E|CS|TAMS 0x00000000ab000000, 0x00000000ab000000| Complete 
| 177|0x00000000ab100000, 0x00000000ab200000, 0x00000000ab200000|100%| E|CS|TAMS 0x00000000ab100000, 0x00000000ab100000| Complete 
| 178|0x00000000ab200000, 0x00000000ab300000, 0x00000000ab300000|100%| E|CS|TAMS 0x00000000ab200000, 0x00000000ab200000| Complete 
| 179|0x00000000ab300000, 0x00000000ab400000, 0x00000000ab400000|100%| E|CS|TAMS 0x00000000ab300000, 0x00000000ab300000| Complete 
| 180|0x00000000ab400000, 0x00000000ab500000, 0x00000000ab500000|100%| E|CS|TAMS 0x00000000ab400000, 0x00000000ab400000| Complete 
| 181|0x00000000ab500000, 0x00000000ab600000, 0x00000000ab600000|100%| E|CS|TAMS 0x00000000ab500000, 0x00000000ab500000| Complete 
| 182|0x00000000ab600000, 0x00000000ab700000, 0x00000000ab700000|100%| E|CS|TAMS 0x00000000ab600000, 0x00000000ab600000| Complete 
| 183|0x00000000ab700000, 0x00000000ab800000, 0x00000000ab800000|100%| E|CS|TAMS 0x00000000ab700000, 0x00000000ab700000| Complete 
| 184|0x00000000ab800000, 0x00000000ab900000, 0x00000000ab900000|100%| E|CS|TAMS 0x00000000ab800000, 0x00000000ab800000| Complete 
| 185|0x00000000ab900000, 0x00000000aba00000, 0x00000000aba00000|100%| E|CS|TAMS 0x00000000ab900000, 0x00000000ab900000| Complete 
| 186|0x00000000aba00000, 0x00000000abb00000, 0x00000000abb00000|100%| E|CS|TAMS 0x00000000aba00000, 0x00000000aba00000| Complete 
| 187|0x00000000abb00000, 0x00000000abc00000, 0x00000000abc00000|100%| E|CS|TAMS 0x00000000abb00000, 0x00000000abb00000| Complete 
| 188|0x00000000abc00000, 0x00000000abd00000, 0x00000000abd00000|100%| E|CS|TAMS 0x00000000abc00000, 0x00000000abc00000| Complete 
| 189|0x00000000abd00000, 0x00000000abe00000, 0x00000000abe00000|100%| E|CS|TAMS 0x00000000abd00000, 0x00000000abd00000| Complete 
| 190|0x00000000abe00000, 0x00000000abf00000, 0x00000000abf00000|100%| E|CS|TAMS 0x00000000abe00000, 0x00000000abe00000| Complete 
| 191|0x00000000abf00000, 0x00000000ac000000, 0x00000000ac000000|100%| E|CS|TAMS 0x00000000abf00000, 0x00000000abf00000| Complete 
| 192|0x00000000ac000000, 0x00000000ac100000, 0x00000000ac100000|100%| E|CS|TAMS 0x00000000ac000000, 0x00000000ac000000| Complete 
| 193|0x00000000ac100000, 0x00000000ac200000, 0x00000000ac200000|100%| E|CS|TAMS 0x00000000ac100000, 0x00000000ac100000| Complete 
| 194|0x00000000ac200000, 0x00000000ac300000, 0x00000000ac300000|100%| E|CS|TAMS 0x00000000ac200000, 0x00000000ac200000| Complete 
| 195|0x00000000ac300000, 0x00000000ac400000, 0x00000000ac400000|100%| E|CS|TAMS 0x00000000ac300000, 0x00000000ac300000| Complete 
| 196|0x00000000ac400000, 0x00000000ac500000, 0x00000000ac500000|100%| E|CS|TAMS 0x00000000ac400000, 0x00000000ac400000| Complete 
| 197|0x00000000ac500000, 0x00000000ac600000, 0x00000000ac600000|100%| E|CS|TAMS 0x00000000ac500000, 0x00000000ac500000| Complete 
| 198|0x00000000ac600000, 0x00000000ac700000, 0x00000000ac700000|100%| E|CS|TAMS 0x00000000ac600000, 0x00000000ac600000| Complete 
| 199|0x00000000ac700000, 0x00000000ac800000, 0x00000000ac800000|100%| E|CS|TAMS 0x00000000ac700000, 0x00000000ac700000| Complete 
| 200|0x00000000ac800000, 0x00000000ac900000, 0x00000000ac900000|100%| E|CS|TAMS 0x00000000ac800000, 0x00000000ac800000| Complete 
| 201|0x00000000ac900000, 0x00000000aca00000, 0x00000000aca00000|100%| E|CS|TAMS 0x00000000ac900000, 0x00000000ac900000| Complete 

Card table byte_map: [0x000001c7d4dd0000,0x000001c7d50d0000] _byte_map_base: 0x000001c7d48d0000

Marking Bits (Prev, Next): (CMBitMap*) 0x000001c7c1cd7908, (CMBitMap*) 0x000001c7c1cd7940
 Prev Bits: [0x000001c7d53d0000, 0x000001c7d6bd0000)
 Next Bits: [0x000001c7d6bd0000, 0x000001c7d83d0000)

Polling page: 0x000001c7bfc20000

Metaspace:

Usage:
  Non-class:     72.19 MB capacity,    69.93 MB ( 97%) used,     2.04 MB (  3%) free+waste,   225.19 KB ( <1%) overhead. 
      Class:     11.66 MB capacity,    10.58 MB ( 91%) used,   999.60 KB (  8%) free+waste,   106.75 KB ( <1%) overhead. 
       Both:     83.85 MB capacity,    80.51 MB ( 96%) used,     3.01 MB (  4%) free+waste,   331.94 KB ( <1%) overhead. 

Virtual space:
  Non-class space:       74.00 MB reserved,      72.25 MB ( 98%) committed 
      Class space:        1.00 GB reserved,      11.75 MB (  1%) committed 
             Both:        1.07 GB reserved,      84.00 MB (  8%) committed 

Chunk freelists:
   Non-Class:  0 bytes
       Class:  0 bytes
        Both:  0 bytes

MaxMetaspaceSize: 17179869184.00 GB
CompressedClassSpaceSize: 1.00 GB

CodeHeap 'non-profiled nmethods': size=120000Kb used=4792Kb max_used=4792Kb free=115207Kb
 bounds [0x000001c7cd270000, 0x000001c7cd720000, 0x000001c7d47a0000]
CodeHeap 'profiled nmethods': size=120000Kb used=20456Kb max_used=20456Kb free=99543Kb
 bounds [0x000001c7c5d40000, 0x000001c7c7140000, 0x000001c7cd270000]
CodeHeap 'non-nmethods': size=5760Kb used=2264Kb max_used=2314Kb free=3495Kb
 bounds [0x000001c7c57a0000, 0x000001c7c5a10000, 0x000001c7c5d40000]
 total_blobs=10995 nmethods=10135 adapters=770
 compilation: enabled
              stopped_count=0, restarted_count=0
 full_count=0

Compilation events (20 events):
Event: 22.249 Thread 0x000001c7db76c000 nmethod 10406 0x000001c7c7136c10 code [0x000001c7c7136de0, 0x000001c7c7137068]
Event: 23.175 Thread 0x000001c7db769000 10407       4       java.util.concurrent.locks.AbstractQueuedSynchronizer$ConditionObject::addConditionWaiter (79 bytes)
Event: 23.186 Thread 0x000001c7db769000 nmethod 10407 0x000001c7cd71ce90 code [0x000001c7cd71d040, 0x000001c7cd71d618]
Event: 23.599 Thread 0x000001c7db769000 10408       4       java.util.concurrent.locks.AbstractQueuedSynchronizer::enq (37 bytes)
Event: 23.613 Thread 0x000001c7db769000 nmethod 10408 0x000001c7cd71d790 code [0x000001c7cd71d940, 0x000001c7cd71dc88]
Event: 24.027 Thread 0x000001c7db76c000 10409       3       java.nio.channels.spi.AbstractInterruptibleChannel::isOpen (13 bytes)
Event: 24.028 Thread 0x000001c7db76c000 nmethod 10409 0x000001c7c7137190 code [0x000001c7c7137340, 0x000001c7c7137498]
Event: 24.242 Thread 0x000001c7db76c000 10410       3       javax.management.ObjectName::setCanonicalName (251 bytes)
Event: 24.244 Thread 0x000001c7db76c000 nmethod 10410 0x000001c7c7137510 code [0x000001c7c71377e0, 0x000001c7c7138978]
Event: 25.482 Thread 0x000001c7db769000 10411       4       java.util.concurrent.TimeUnit::toNanos (45 bytes)
Event: 25.483 Thread 0x000001c7db769000 nmethod 10411 0x000001c7cd71dd90 code [0x000001c7cd71df20, 0x000001c7cd71dff8]
Event: 26.078 Thread 0x000001c7db76c000 10412       3       javax.management.ObjectName::<init> (15 bytes)
Event: 26.078 Thread 0x000001c7db76c000 nmethod 10412 0x000001c7c7139010 code [0x000001c7c71391e0, 0x000001c7c7139368]
Event: 26.250 Thread 0x000001c7db76c000 10413       3       java.util.HashMap$HashMapSpliterator::getFence (53 bytes)
Event: 26.250 Thread 0x000001c7db76c000 nmethod 10413 0x000001c7c7139410 code [0x000001c7c71395c0, 0x000001c7c7139778]
Event: 27.240 Thread 0x000001c7db76c000 10414       3       sun.management.MemoryPoolImpl::getType (15 bytes)
Event: 27.240 Thread 0x000001c7db76c000 nmethod 10414 0x000001c7c7139890 code [0x000001c7c7139a40, 0x000001c7c7139b98]
Event: 28.237 Thread 0x000001c7db769000 10415       4       java.util.ComparableTimSort::binarySort (223 bytes)
Event: 28.237 Thread 0x000001c7db76c000 10416       3       javax.management.ObjectName::getInstance (9 bytes)
Event: 28.237 Thread 0x000001c7db76c000 nmethod 10416 0x000001c7c7139c10 code [0x000001c7c7139de0, 0x000001c7c713a008]

GC Heap History (20 events):
Event: 14.829 GC heap before
{Heap before GC invocations=50 (full 0):
 garbage-first heap   total 116736K, used 88626K [0x00000000a0000000, 0x0000000100000000)
  region size 1024K, 32 young (32768K), 4 survivors (4096K)
 Metaspace       used 69024K, capacity 70934K, committed 71040K, reserved 1110016K
  class space    used 8940K, capacity 9590K, committed 9600K, reserved 1048576K
}
Event: 14.834 GC heap after
{Heap after GC invocations=51 (full 0):
 garbage-first heap   total 116736K, used 62360K [0x00000000a0000000, 0x0000000100000000)
  region size 1024K, 4 young (4096K), 4 survivors (4096K)
 Metaspace       used 69024K, capacity 70934K, committed 71040K, reserved 1110016K
  class space    used 8940K, capacity 9590K, committed 9600K, reserved 1048576K
}
Event: 15.064 GC heap before
{Heap before GC invocations=51 (full 0):
 garbage-first heap   total 116736K, used 91032K [0x00000000a0000000, 0x0000000100000000)
  region size 1024K, 32 young (32768K), 4 survivors (4096K)
 Metaspace       used 69945K, capacity 71807K, committed 72064K, reserved 1112064K
  class space    used 9103K, capacity 9815K, committed 9856K, reserved 1048576K
}
Event: 15.072 GC heap after
{Heap after GC invocations=52 (full 0):
 garbage-first heap   total 143360K, used 65500K [0x00000000a0000000, 0x0000000100000000)
  region size 1024K, 4 young (4096K), 4 survivors (4096K)
 Metaspace       used 69945K, capacity 71807K, committed 72064K, reserved 1112064K
  class space    used 9103K, capacity 9815K, committed 9856K, reserved 1048576K
}
Event: 15.667 GC heap before
{Heap before GC invocations=53 (full 0):
 garbage-first heap   total 143360K, used 102364K [0x00000000a0000000, 0x0000000100000000)
  region size 1024K, 40 young (40960K), 4 survivors (4096K)
 Metaspace       used 71278K, capacity 73353K, committed 73600K, reserved 1112064K
  class space    used 9281K, capacity 10056K, committed 10112K, reserved 1048576K
}
Event: 15.675 GC heap after
{Heap after GC invocations=54 (full 0):
 garbage-first heap   total 143360K, used 70400K [0x00000000a0000000, 0x0000000100000000)
  region size 1024K, 5 young (5120K), 5 survivors (5120K)
 Metaspace       used 71278K, capacity 73353K, committed 73600K, reserved 1112064K
  class space    used 9281K, capacity 10056K, committed 10112K, reserved 1048576K
}
Event: 16.370 GC heap before
{Heap before GC invocations=54 (full 0):
 garbage-first heap   total 143360K, used 110336K [0x00000000a0000000, 0x0000000100000000)
  region size 1024K, 45 young (46080K), 5 survivors (5120K)
 Metaspace       used 72723K, capacity 75053K, committed 75392K, reserved 1114112K
  class space    used 9453K, capacity 10272K, committed 10368K, reserved 1048576K
}
Event: 16.382 GC heap after
{Heap after GC invocations=55 (full 0):
 garbage-first heap   total 143360K, used 78190K [0x00000000a0000000, 0x0000000100000000)
  region size 1024K, 6 young (6144K), 6 survivors (6144K)
 Metaspace       used 72723K, capacity 75053K, committed 75392K, reserved 1114112K
  class space    used 9453K, capacity 10272K, committed 10368K, reserved 1048576K
}
Event: 17.192 GC heap before
{Heap before GC invocations=56 (full 0):
 garbage-first heap   total 143360K, used 110958K [0x00000000a0000000, 0x0000000100000000)
  region size 1024K, 39 young (39936K), 6 survivors (6144K)
 Metaspace       used 73382K, capacity 76023K, committed 76288K, reserved 1116160K
  class space    used 9528K, capacity 10466K, committed 10496K, reserved 1048576K
}
Event: 17.201 GC heap after
{Heap after GC invocations=57 (full 0):
 garbage-first heap   total 143360K, used 83305K [0x00000000a0000000, 0x0000000100000000)
  region size 1024K, 5 young (5120K), 5 survivors (5120K)
 Metaspace       used 73382K, capacity 76023K, committed 76288K, reserved 1116160K
  class space    used 9528K, capacity 10466K, committed 10496K, reserved 1048576K
}
Event: 17.595 GC heap before
{Heap before GC invocations=57 (full 0):
 garbage-first heap   total 143360K, used 109929K [0x00000000a0000000, 0x0000000100000000)
  region size 1024K, 33 young (33792K), 5 survivors (5120K)
 Metaspace       used 73860K, capacity 76860K, committed 76928K, reserved 1116160K
  class space    used 9593K, capacity 10623K, committed 10624K, reserved 1048576K
}
Event: 17.611 GC heap after
{Heap after GC invocations=58 (full 0):
 garbage-first heap   total 172032K, used 88429K [0x00000000a0000000, 0x0000000100000000)
  region size 1024K, 5 young (5120K), 5 survivors (5120K)
 Metaspace       used 73860K, capacity 76860K, committed 76928K, reserved 1116160K
  class space    used 9593K, capacity 10623K, committed 10624K, reserved 1048576K
}
Event: 18.412 GC heap before
{Heap before GC invocations=59 (full 0):
 garbage-first heap   total 172032K, used 130413K [0x00000000a0000000, 0x0000000100000000)
  region size 1024K, 43 young (44032K), 5 survivors (5120K)
 Metaspace       used 75976K, capacity 79210K, committed 79360K, reserved 1118208K
  class space    used 9883K, capacity 10942K, committed 11008K, reserved 1048576K
}
Event: 18.435 GC heap after
{Heap after GC invocations=60 (full 0):
 garbage-first heap   total 172032K, used 98173K [0x00000000a0000000, 0x0000000100000000)
  region size 1024K, 6 young (6144K), 6 survivors (6144K)
 Metaspace       used 75976K, capacity 79210K, committed 79360K, reserved 1118208K
  class space    used 9883K, capacity 10942K, committed 11008K, reserved 1048576K
}
Event: 19.288 GC heap before
{Heap before GC invocations=60 (full 0):
 garbage-first heap   total 172032K, used 134013K [0x00000000a0000000, 0x0000000100000000)
  region size 1024K, 41 young (41984K), 6 survivors (6144K)
 Metaspace       used 79241K, capacity 82461K, committed 82688K, reserved 1120256K
  class space    used 10364K, capacity 11416K, committed 11520K, reserved 1048576K
}
Event: 19.307 GC heap after
{Heap after GC invocations=61 (full 0):
 garbage-first heap   total 172032K, used 100898K [0x00000000a0000000, 0x0000000100000000)
  region size 1024K, 3 young (3072K), 3 survivors (3072K)
 Metaspace       used 79241K, capacity 82461K, committed 82688K, reserved 1120256K
  class space    used 10364K, capacity 11416K, committed 11520K, reserved 1048576K
}
Event: 19.826 GC heap before
{Heap before GC invocations=62 (full 0):
 garbage-first heap   total 172032K, used 136738K [0x00000000a0000000, 0x0000000100000000)
  region size 1024K, 38 young (38912K), 3 survivors (3072K)
 Metaspace       used 80274K, capacity 83558K, committed 83840K, reserved 1122304K
  class space    used 10487K, capacity 11558K, committed 11648K, reserved 1048576K
}
Event: 19.840 GC heap after
{Heap after GC invocations=63 (full 0):
 garbage-first heap   total 172032K, used 108765K [0x00000000a0000000, 0x0000000100000000)
  region size 1024K, 5 young (5120K), 5 survivors (5120K)
 Metaspace       used 80274K, capacity 83558K, committed 83840K, reserved 1122304K
  class space    used 10487K, capacity 11558K, committed 11648K, reserved 1048576K
}
Event: 20.332 GC heap before
{Heap before GC invocations=63 (full 0):
 garbage-first heap   total 172032K, used 138461K [0x00000000a0000000, 0x0000000100000000)
  region size 1024K, 34 young (34816K), 5 survivors (5120K)
 Metaspace       used 81405K, capacity 84679K, committed 84736K, reserved 1122304K
  class space    used 10647K, capacity 11732K, committed 11776K, reserved 1048576K
}
Event: 20.378 GC heap after
{Heap after GC invocations=64 (full 0):
 garbage-first heap   total 206848K, used 113346K [0x00000000a0000000, 0x0000000100000000)
  region size 1024K, 4 young (4096K), 4 survivors (4096K)
 Metaspace       used 81405K, capacity 84679K, committed 84736K, reserved 1122304K
  class space    used 10647K, capacity 11732K, committed 11776K, reserved 1048576K
}

Deoptimization events (20 events):
Event: 20.992 Thread 0x000001c7dd0fe000 DEOPT PACKING pc=0x000001c7cd6edab8 sp=0x0000004cc53f8a30
Event: 20.992 Thread 0x000001c7dd0fe000 DEOPT UNPACKING pc=0x000001c7c57c662f sp=0x0000004cc53f89b8 mode 2
Event: 20.992 Thread 0x000001c7dd0fe000 Uncommon trap: trap_request=0xffffffbe fr.pc=0x000001c7cd6edab8 relative=0x00000000000008f8
Event: 20.992 Thread 0x000001c7dd0fe000 Uncommon trap: reason=profile_predicate action=maybe_recompile pc=0x000001c7cd6edab8 method=org.gradle.internal.snapshot.SearchUtil.binarySearch(Ljava/util/List;Ljava/lang/Comparable;)I @ 88 c2
Event: 20.992 Thread 0x000001c7dd0fe000 DEOPT PACKING pc=0x000001c7cd6edab8 sp=0x0000004cc53f88e0
Event: 20.992 Thread 0x000001c7dd0fe000 DEOPT UNPACKING pc=0x000001c7c57c662f sp=0x0000004cc53f8868 mode 2
Event: 21.560 Thread 0x000001c7dd0fe000 Uncommon trap: trap_request=0xffffff4d fr.pc=0x000001c7cd70142c relative=0x000000000000074c
Event: 21.560 Thread 0x000001c7dd0fe000 Uncommon trap: reason=unstable_if action=reinterpret pc=0x000001c7cd70142c method=org.gradle.internal.snapshot.VfsRelativePath.lengthOfCommonPrefix(Ljava/lang/String;Lorg/gradle/internal/snapshot/CaseSensitivity;)I @ 165 c2
Event: 21.560 Thread 0x000001c7dd0fe000 DEOPT PACKING pc=0x000001c7cd70142c sp=0x0000004cc53f81c0
Event: 21.560 Thread 0x000001c7dd0fe000 DEOPT UNPACKING pc=0x000001c7c57c662f sp=0x0000004cc53f8150 mode 2
Event: 21.602 Thread 0x000001c7dd0fe000 Uncommon trap: trap_request=0xffffff4d fr.pc=0x000001c7cd6ffe78 relative=0x0000000000000bf8
Event: 21.602 Thread 0x000001c7dd0fe000 Uncommon trap: reason=unstable_if action=reinterpret pc=0x000001c7cd6ffe78 method=org.gradle.internal.snapshot.VfsRelativePath.compareToFirstSegment(Ljava/lang/String;Lorg/gradle/internal/snapshot/CaseSensitivity;)I @ 134 c2
Event: 21.602 Thread 0x000001c7dd0fe000 DEOPT PACKING pc=0x000001c7cd6ffe78 sp=0x0000004cc53f7ae0
Event: 21.602 Thread 0x000001c7dd0fe000 DEOPT UNPACKING pc=0x000001c7c57c662f sp=0x0000004cc53f7978 mode 2
Event: 21.619 Thread 0x000001c7dd0fe000 DEOPT PACKING pc=0x000001c7c6eea32c sp=0x0000004cc53f8290
Event: 21.619 Thread 0x000001c7dd0fe000 DEOPT UNPACKING pc=0x000001c7c57c6dde sp=0x0000004cc53f7650 mode 0
Event: 22.057 Thread 0x000001c7e60af800 Uncommon trap: trap_request=0xffffffc6 fr.pc=0x000001c7cd6e08dc relative=0x0000000000000b3c
Event: 22.057 Thread 0x000001c7e60af800 Uncommon trap: reason=bimorphic_or_optimized_type_check action=maybe_recompile pc=0x000001c7cd6e08dc method=java.io.BufferedInputStream.read1([BII)I @ 39 c2
Event: 22.057 Thread 0x000001c7e60af800 DEOPT PACKING pc=0x000001c7cd6e08dc sp=0x0000004ccf0feea0
Event: 22.057 Thread 0x000001c7e60af800 DEOPT UNPACKING pc=0x000001c7c57c662f sp=0x0000004ccf0fedb8 mode 2

Classes redefined (0 events):
No events

Internal exceptions (20 events):
Event: 21.607 Thread 0x000001c7dd0fe000 Exception <a 'java/lang/NoSuchMethodError'{0x00000000ab2dd300}: 'void java.lang.invoke.DirectMethodHandle$Holder.invokeVirtual(java.lang.Object, java.lang.Object)'> (0x00000000ab2dd300) thrown at [./src/hotspot/share/interpreter/linkResolver.cpp, line 773]
Event: 21.643 Thread 0x000001c7dd0fe000 Exception <a 'java/lang/ClassNotFoundException'{0x00000000ab0a2510}: org/gradle/process/internal/DefaultExecAction_DecoratedBeanInfo> (0x00000000ab0a2510) thrown at [./src/hotspot/share/classfile/systemDictionary.cpp, line 231]
Event: 21.646 Thread 0x000001c7dd0fe000 Exception <a 'java/lang/ClassNotFoundException'{0x00000000ab0cd108}: org/gradle/process/internal/DefaultExecActionBeanInfo> (0x00000000ab0cd108) thrown at [./src/hotspot/share/classfile/systemDictionary.cpp, line 231]
Event: 21.647 Thread 0x000001c7dd0fe000 Exception <a 'java/lang/ClassNotFoundException'{0x00000000ab0f9c48}: org/gradle/process/internal/DefaultExecHandleBuilderBeanInfo> (0x00000000ab0f9c48) thrown at [./src/hotspot/share/classfile/systemDictionary.cpp, line 231]
Event: 21.648 Thread 0x000001c7dd0fe000 Exception <a 'java/lang/ClassNotFoundException'{0x00000000aaf26c78}: org/gradle/process/internal/AbstractExecHandleBuilderBeanInfo> (0x00000000aaf26c78) thrown at [./src/hotspot/share/classfile/systemDictionary.cpp, line 231]
Event: 21.650 Thread 0x000001c7dd0fe000 Exception <a 'java/lang/ClassNotFoundException'{0x00000000aaf53810}: org/gradle/process/internal/DefaultProcessForkOptionsBeanInfo> (0x00000000aaf53810) thrown at [./src/hotspot/share/classfile/systemDictionary.cpp, line 231]
Event: 21.654 Thread 0x000001c7dd0fe000 Exception <a 'java/lang/ClassNotFoundException'{0x00000000aaf80508}: org/gradle/process/internal/DefaultProcessForkOptionsCustomizer> (0x00000000aaf80508) thrown at [./src/hotspot/share/classfile/systemDictionary.cpp, line 231]
Event: 21.655 Thread 0x000001c7dd0fe000 Exception <a 'java/lang/ClassNotFoundException'{0x00000000aafb95c8}: org/gradle/process/internal/AbstractExecHandleBuilderCustomizer> (0x00000000aafb95c8) thrown at [./src/hotspot/share/classfile/systemDictionary.cpp, line 231]
Event: 21.657 Thread 0x000001c7dd0fe000 Exception <a 'java/lang/ClassNotFoundException'{0x00000000aaff7df0}: org/gradle/process/internal/DefaultExecHandleBuilderCustomizer> (0x00000000aaff7df0) thrown at [./src/hotspot/share/classfile/systemDictionary.cpp, line 231]
Event: 21.659 Thread 0x000001c7dd0fe000 Exception <a 'java/lang/ClassNotFoundException'{0x00000000aae4f218}: org/gradle/process/internal/DefaultExecActionCustomizer> (0x00000000aae4f218) thrown at [./src/hotspot/share/classfile/systemDictionary.cpp, line 231]
Event: 21.660 Thread 0x000001c7dd0fe000 Exception <a 'java/lang/ClassNotFoundException'{0x00000000aae86068}: org/gradle/process/internal/DefaultExecAction_DecoratedCustomizer> (0x00000000aae86068) thrown at [./src/hotspot/share/classfile/systemDictionary.cpp, line 231]
Event: 21.663 Thread 0x000001c7dd0fe000 Exception <a 'java/lang/ClassNotFoundException'{0x00000000aaed6a48}: org/gradle/api/logging/LogLevelBeanInfo> (0x00000000aaed6a48) thrown at [./src/hotspot/share/classfile/systemDictionary.cpp, line 231]
Event: 21.664 Thread 0x000001c7dd0fe000 Exception <a 'java/lang/ClassNotFoundException'{0x00000000aaefcb48}: org/gradle/api/logging/LogLevelCustomizer> (0x00000000aaefcb48) thrown at [./src/hotspot/share/classfile/systemDictionary.cpp, line 231]
Event: 21.670 Thread 0x000001c7dd0fe000 Exception <a 'java/lang/ClassNotFoundException'{0x00000000aad5f8f0}: org/gradle/internal/logging/compatbridge/LoggingManagerInternalCompatibilityBridgeBeanInfo> (0x00000000aad5f8f0) thrown at [./src/hotspot/share/classfile/systemDictionary.cpp, line 231]
Event: 21.671 Thread 0x000001c7dd0fe000 Exception <a 'java/lang/ClassNotFoundException'{0x00000000aad94568}: org/gradle/internal/logging/compatbridge/LoggingManagerInternalCompatibilityBridgeCustomizer> (0x00000000aad94568) thrown at [./src/hotspot/share/classfile/systemDictionary.cpp, line 231]
Event: 22.045 Thread 0x000001c7e60ae800 Exception <a 'java/lang/NoSuchMethodError'{0x00000000aac8c6a8}: 'void java.lang.invoke.DirectMethodHandle$Holder.invokeStatic(java.lang.Object, long)'> (0x00000000aac8c6a8) thrown at [./src/hotspot/share/interpreter/linkResolver.cpp, line 773]
Event: 22.046 Thread 0x000001c7e60ae800 Exception <a 'java/lang/NoSuchMethodError'{0x00000000aac91b28}: 'java.lang.Object java.lang.invoke.DirectMethodHandle$Holder.invokeStatic(java.lang.Object, long)'> (0x00000000aac91b28) thrown at [./src/hotspot/share/interpreter/linkResolver.cpp, line 773]
Event: 22.051 Thread 0x000001c7e60ae800 Exception <a 'java/lang/NoSuchMethodError'{0x00000000aaca00d0}: 'java.lang.Object java.lang.invoke.DirectMethodHandle$Holder.invokeStaticInit(java.lang.Object, java.lang.Object, long, java.lang.Object)'> (0x00000000aaca00d0) thrown at [./src/hotspot/share/interpreter/linkResolver.cpp, line 773]
Event: 22.051 Thread 0x000001c7e60ae800 Exception <a 'java/lang/NoSuchMethodError'{0x00000000aaca6208}: 'java.lang.Object java.lang.invoke.DirectMethodHandle$Holder.invokeStatic(java.lang.Object, java.lang.Object, long)'> (0x00000000aaca6208) thrown at [./src/hotspot/share/interpreter/linkResolver.cpp, line 773]
Event: 22.052 Thread 0x000001c7e60ae800 Exception <a 'java/lang/NoSuchMethodError'{0x00000000aacac750}: 'java.lang.Object java.lang.invoke.Invokers$Holder.linkToTargetMethod(java.lang.Object, long, java.lang.Object)'> (0x00000000aacac750) thrown at [./src/hotspot/share/interpreter/linkResolver.cpp, line 773]

Events (20 events):
Event: 21.694 Executing VM operation: RevokeBias
Event: 21.694 Executing VM operation: RevokeBias done
Event: 21.694 Executing VM operation: RevokeBias
Event: 21.695 Executing VM operation: RevokeBias done
Event: 21.697 loading class java/lang/ProcessImpl
Event: 21.698 loading class java/lang/ProcessImpl done
Event: 22.048 loading class java/lang/ProcessHandleImpl
Event: 22.050 loading class java/lang/ProcessHandleImpl done
Event: 22.052 loading class java/lang/ProcessImpl$2
Event: 22.053 loading class java/lang/ProcessImpl$2 done
Event: 22.053 loading class java/lang/Process$PipeInputStream
Event: 22.054 loading class java/lang/Process$PipeInputStream done
Event: 22.054 Executing VM operation: Deoptimize
Event: 22.055 Executing VM operation: Deoptimize done
Event: 22.055 loading class org/gradle/process/internal/streams/ExecOutputHandleRunner
Event: 22.055 loading class org/gradle/process/internal/streams/ExecOutputHandleRunner done
Event: 22.057 Thread 0x000001c7e60a9000 Thread added: 0x000001c7e60a9000
Event: 22.057 Thread 0x000001c7e60af800 Thread added: 0x000001c7e60af800
Event: 22.057 Executing VM operation: RevokeBias
Event: 22.057 Executing VM operation: RevokeBias done


Dynamic libraries:
0x00007ff6ee8f0000 - 0x00007ff6ee8fa000 	C:\Program Files\Android\Android Studio\jre\bin\java.exe
0x00007ffd27850000 - 0x00007ffd27a45000 	C:\WINDOWS\SYSTEM32\ntdll.dll
0x00007ffd265e0000 - 0x00007ffd2669d000 	C:\WINDOWS\System32\KERNEL32.DLL
0x00007ffd25190000 - 0x00007ffd2545d000 	C:\WINDOWS\System32\KERNELBASE.dll
0x00007ffd257a0000 - 0x00007ffd258a0000 	C:\WINDOWS\System32\ucrtbase.dll
0x00007ffd200a0000 - 0x00007ffd200b7000 	C:\Program Files\Android\Android Studio\jre\bin\VCRUNTIME140.dll
0x00007ffd1b750000 - 0x00007ffd1b769000 	C:\Program Files\Android\Android Studio\jre\bin\jli.dll
0x00007ffd26b70000 - 0x00007ffd26d10000 	C:\WINDOWS\System32\USER32.dll
0x00007ffd25460000 - 0x00007ffd25482000 	C:\WINDOWS\System32\win32u.dll
0x00007ffd266a0000 - 0x00007ffd266ca000 	C:\WINDOWS\System32\GDI32.dll
0x00007ffd24f60000 - 0x00007ffd2506b000 	C:\WINDOWS\System32\gdi32full.dll
0x00007ffd25070000 - 0x00007ffd2510d000 	C:\WINDOWS\System32\msvcp_win.dll
0x00007ffd15120000 - 0x00007ffd153ba000 	C:\WINDOWS\WinSxS\amd64_microsoft.windows.common-controls_6595b64144ccf1df_6.0.19041.1110_none_60b5254171f9507e\COMCTL32.dll
0x00007ffd26ad0000 - 0x00007ffd26b6e000 	C:\WINDOWS\System32\msvcrt.dll
0x00007ffd263b0000 - 0x00007ffd263e0000 	C:\WINDOWS\System32\IMM32.DLL
0x00007ffd12d90000 - 0x00007ffd12e2d000 	C:\Program Files\Android\Android Studio\jre\bin\msvcp140.dll
0x00007ffcf34c0000 - 0x00007ffcf3f95000 	C:\Program Files\Android\Android Studio\jre\bin\server\jvm.dll
0x00007ffd26f50000 - 0x00007ffd26ffe000 	C:\WINDOWS\System32\ADVAPI32.dll
0x00007ffd264b0000 - 0x00007ffd2654c000 	C:\WINDOWS\System32\sechost.dll
0x00007ffd26d90000 - 0x00007ffd26eb5000 	C:\WINDOWS\System32\RPCRT4.dll
0x00007ffd26f40000 - 0x00007ffd26f48000 	C:\WINDOWS\System32\PSAPI.DLL
0x00007ffd0d840000 - 0x00007ffd0d849000 	C:\WINDOWS\SYSTEM32\WSOCK32.dll
0x00007ffd12fb0000 - 0x00007ffd12fd7000 	C:\WINDOWS\SYSTEM32\WINMM.dll
0x00007ffd27540000 - 0x00007ffd275ab000 	C:\WINDOWS\System32\WS2_32.dll
0x00007ffd11d60000 - 0x00007ffd11d6a000 	C:\WINDOWS\SYSTEM32\VERSION.dll
0x00007ffd23820000 - 0x00007ffd23832000 	C:\WINDOWS\SYSTEM32\kernel.appcore.dll
0x00007ffd1b6e0000 - 0x00007ffd1b6f1000 	C:\Program Files\Android\Android Studio\jre\bin\verify.dll
0x00007ffd0d030000 - 0x00007ffd0d214000 	C:\WINDOWS\SYSTEM32\DBGHELP.DLL
0x00007ffd0cac0000 - 0x00007ffd0caec000 	C:\WINDOWS\SYSTEM32\dbgcore.DLL
0x00007ffd25490000 - 0x00007ffd25512000 	C:\WINDOWS\System32\bcryptPrimitives.dll
0x00007ffd1b6b0000 - 0x00007ffd1b6d9000 	C:\Program Files\Android\Android Studio\jre\bin\java.dll
0x00007ffd1b740000 - 0x00007ffd1b74b000 	C:\Program Files\Android\Android Studio\jre\bin\jimage.dll
0x00007ffd12d70000 - 0x00007ffd12d88000 	C:\Program Files\Android\Android Studio\jre\bin\zip.dll
0x00007ffd258a0000 - 0x00007ffd25fe4000 	C:\WINDOWS\System32\SHELL32.dll
0x00007ffd23040000 - 0x00007ffd237d4000 	C:\WINDOWS\SYSTEM32\windows.storage.dll
0x00007ffd25ff0000 - 0x00007ffd26344000 	C:\WINDOWS\System32\combase.dll
0x00007ffd249c0000 - 0x00007ffd249ec000 	C:\WINDOWS\SYSTEM32\Wldp.dll
0x00007ffd27760000 - 0x00007ffd2780d000 	C:\WINDOWS\System32\SHCORE.dll
0x00007ffd26a70000 - 0x00007ffd26ac5000 	C:\WINDOWS\System32\shlwapi.dll
0x00007ffd24ea0000 - 0x00007ffd24ebf000 	C:\WINDOWS\SYSTEM32\profapi.dll
0x00007ffd12a80000 - 0x00007ffd12a9a000 	C:\Program Files\Android\Android Studio\jre\bin\net.dll
0x00007ffd1c0a0000 - 0x00007ffd1c1aa000 	C:\WINDOWS\SYSTEM32\WINHTTP.dll
0x00007ffd24720000 - 0x00007ffd2478a000 	C:\WINDOWS\system32\mswsock.dll
0x00007ffd12670000 - 0x00007ffd12684000 	C:\Program Files\Android\Android Studio\jre\bin\nio.dll
0x00007ffd12580000 - 0x00007ffd125a6000 	C:\Users\Acer\.gradle\native\fdc75f09e3144964f2cf3f50f0aa648679c211496f362492102eb8c894070792\windows-amd64\native-platform.dll
0x00007ffcf3320000 - 0x00007ffcf34b1000 	C:\Users\Acer\.gradle\native\12488b8bf47d2d4c9fbf2f6322a914ad602e24e48041cd04a747c6da556b65c4\windows-amd64\native-platform-file-events.dll
0x00007ffd13460000 - 0x00007ffd1346a000 	C:\Program Files\Android\Android Studio\jre\bin\management.dll
0x00007ffd13080000 - 0x00007ffd1308d000 	C:\Program Files\Android\Android Studio\jre\bin\management_ext.dll
0x00007ffd24910000 - 0x00007ffd24928000 	C:\WINDOWS\SYSTEM32\CRYPTSP.dll
0x00007ffd24030000 - 0x00007ffd24064000 	C:\WINDOWS\system32\rsaenh.dll
0x00007ffd25160000 - 0x00007ffd25187000 	C:\WINDOWS\System32\bcrypt.dll
0x00007ffd24e60000 - 0x00007ffd24e8e000 	C:\WINDOWS\SYSTEM32\USERENV.dll
0x00007ffd24930000 - 0x00007ffd2493c000 	C:\WINDOWS\SYSTEM32\CRYPTBASE.dll
0x00007ffd243c0000 - 0x00007ffd243fb000 	C:\WINDOWS\SYSTEM32\IPHLPAPI.DLL
0x00007ffd27530000 - 0x00007ffd27538000 	C:\WINDOWS\System32\NSI.dll
0x00007ffd1d780000 - 0x00007ffd1d797000 	C:\WINDOWS\SYSTEM32\dhcpcsvc6.DLL
0x00007ffd1da10000 - 0x00007ffd1da2d000 	C:\WINDOWS\SYSTEM32\dhcpcsvc.DLL
0x00007ffd24400000 - 0x00007ffd244cb000 	C:\WINDOWS\SYSTEM32\DNSAPI.dll
0x00007ffd1e500000 - 0x00007ffd1e50b000 	C:\WINDOWS\SYSTEM32\WINNSI.DLL

dbghelp: loaded successfully - version: 4.0.5 - missing functions: none
symbol engine: initialized successfully - sym options: 0x614 - pdb path: .;C:\Program Files\Android\Android Studio\jre\bin;C:\WINDOWS\SYSTEM32;C:\WINDOWS\WinSxS\amd64_microsoft.windows.common-controls_6595b64144ccf1df_6.0.19041.1110_none_60b5254171f9507e;C:\Program Files\Android\Android Studio\jre\bin\server;C:\Users\Acer\.gradle\native\fdc75f09e3144964f2cf3f50f0aa648679c211496f362492102eb8c894070792\windows-amd64;C:\Users\Acer\.gradle\native\12488b8bf47d2d4c9fbf2f6322a914ad602e24e48041cd04a747c6da556b65c4\windows-amd64

VM Arguments:
jvm_args: --add-opens=java.base/java.util=ALL-UNNAMED --add-opens=java.base/java.lang=ALL-UNNAMED --add-opens=java.base/java.lang.invoke=ALL-UNNAMED --add-opens=java.prefs/java.util.prefs=ALL-UNNAMED -Xmx1536M -Dfile.encoding=windows-1252 -Duser.country=MY -Duser.language=en -Duser.variant 
java_command: org.gradle.launcher.daemon.bootstrap.GradleDaemon 6.7
java_class_path (initial): C:\Users\Acer\.gradle\wrapper\dists\gradle-6.7-all\cuy9mc7upwgwgeb72wkcrupxe\gradle-6.7\lib\gradle-launcher-6.7.jar
Launcher Type: SUN_STANDARD

[Global flags]
     intx CICompilerCount                          = 4                                         {product} {ergonomic}
     uint ConcGCThreads                            = 2                                         {product} {ergonomic}
     uint G1ConcRefinementThreads                  = 8                                         {product} {ergonomic}
   size_t G1HeapRegionSize                         = 1048576                                   {product} {ergonomic}
    uintx GCDrainStackTargetSize                   = 64                                        {product} {ergonomic}
   size_t InitialHeapSize                          = 67108864                                  {product} {ergonomic}
   size_t MarkStackSize                            = 4194304                                   {product} {ergonomic}
   size_t MaxHeapSize                              = 1610612736                                {product} {command line}
   size_t MaxNewSize                               = 965738496                                 {product} {ergonomic}
   size_t MinHeapDeltaBytes                        = 1048576                                   {product} {ergonomic}
    uintx NonNMethodCodeHeapSize                   = 5836300                                {pd product} {ergonomic}
    uintx NonProfiledCodeHeapSize                  = 122910970                              {pd product} {ergonomic}
    uintx ProfiledCodeHeapSize                     = 122910970                              {pd product} {ergonomic}
    uintx ReservedCodeCacheSize                    = 251658240                              {pd product} {ergonomic}
     bool SegmentedCodeCache                       = true                                      {product} {ergonomic}
     bool UseCompressedClassPointers               = true                                 {lp64_product} {ergonomic}
     bool UseCompressedOops                        = true                                 {lp64_product} {ergonomic}
     bool UseG1GC                                  = true                                      {product} {ergonomic}
     bool UseLargePagesIndividualAllocation        = false                                  {pd product} {ergonomic}

Logging:
Log output configuration:
 #0: stdout all=warning uptime,level,tags
 #1: stderr all=off uptime,level,tags

Environment Variables:
JAVA_HOME=C:\Program Files\Android\Android Studio\jre
CLASSPATH=C:\Users\Acer\Documents\FlutterWS\mytutor\android\\gradle\wrapper\gradle-wrapper.jar
PATH=C:\Program Files (x86)\Intel\iCLS Client\;C:\Program Files\Intel\iCLS Client\;C:\WINDOWS\system32;C:\WINDOWS;C:\WINDOWS\System32\Wbem;C:\WINDOWS\System32\WindowsPowerShell\v1.0\;C:\Program Files\Intel\WiFi\bin\;C:\Program Files\Common Files\Intel\WirelessCommon\;C:\Program Files (x86)\Intel\Intel(R) Management Engine Components\DAL;C:\Program Files\Intel\Intel(R) Management Engine Components\DAL;C:\Program Files (x86)\Intel\Intel(R) Management Engine Components\IPT;C:\Program Files\Intel\Intel(R) Management Engine Components\IPT;C:\WINDOWS\System32\OpenSSH\;C:\Program Files\Java\jdk-15\bin;C:\Users\Acer\AppData\Local\Microsoft\WindowsApps;C:\Program Files\JetBrains\IntelliJ IDEA Community Edition 2020.2.3\bin;;C:\Users\Acer\AppData\Local\Programs\Microsoft VS Code\bin;C:\src\flutter\bin;C:\Users\Acer\AppData\Local\GitHubDesktop\bin;C:\src\flutter\bin\mingit\cmd
USERNAME=Acer
OS=Windows_NT
PROCESSOR_IDENTIFIER=Intel64 Family 6 Model 142 Stepping 10, GenuineIntel



---------------  S Y S T E M  ---------------

OS: Windows 10 , 64 bit Build 19041 (10.0.19041.1706)
OS uptime: 0 days 7:07 hours

CPU:total 8 (initial active 8) (4 cores per cpu, 2 threads per core) family 6 model 142 stepping 10 microcode 0xb4, cmov, cx8, fxsr, mmx, sse, sse2, sse3, ssse3, sse4.1, sse4.2, popcnt, avx, avx2, aes, clmul, erms, 3dnowpref, lzcnt, ht, tsc, tscinvbit, bmi1, bmi2, adx, fma

Memory: 4k page, system-wide physical 3973M (70M free)
TotalPageFile size 16261M (AvailPageFile size 0M)
current process WorkingSet (physical memory assigned to process): 88M, peak: 326M
current process commit charge ("private bytes"): 482M, peak: 498M

vm_info: OpenJDK 64-Bit Server VM (11.0.11+9-b60-7590822) for windows-amd64 JRE (11.0.11+9-b60-7590822), built on Jul 29 2021 21:43:44 by "builder" with MS VC++ 14.0 (VS2015)

END.
